<?xml version="1.0" encoding="UTF-8"?>
<!-- Generated by org.testng.reporters.JUnitXMLReporter -->
<testsuite ignored="0" hostname="MacBook-Pro.attlocal.net" failures="275" tests="275" name="Default test" time="9.222" errors="0" timestamp="2023-09-13T19:40:47 PDT">
  <testcase classname="io.cucumber.testng.AbstractTestNGCucumberTests" name="runScenario" time="0.726">
    <failure type="io.cucumber.core.runner.DuplicateStepDefinitionException" message="Duplicate step definitions in stepdefinitions.AssignmentPageStepDefinition.admin_enters_all_mandatory_field_values_with_valid_data_and_clicks_save_button_program_name_batch_number_assignment_name_grade_by_assignment_due_date(java.lang.String) and stepdefinitions.AssignmentPageStepDefinition.admin_enters_all_mandatory_field_values_with_valid_data_and_clicks_save_button_program_name_batch_number_assignment_name_grade_by_assignment_due_date_in_assignmment(java.lang.String)">
      <![CDATA[io.cucumber.core.runner.DuplicateStepDefinitionException: Duplicate step definitions in stepdefinitions.AssignmentPageStepDefinition.admin_enters_all_mandatory_field_values_with_valid_data_and_clicks_save_button_program_name_batch_number_assignment_name_grade_by_assignment_due_date(java.lang.String) and stepdefinitions.AssignmentPageStepDefinition.admin_enters_all_mandatory_field_values_with_valid_data_and_clicks_save_button_program_name_batch_number_assignment_name_grade_by_assignment_due_date_in_assignmment(java.lang.String)
at io.cucumber.core.runner.CachingGlue.lambda$prepareGlue$3(CachingGlue.java:278)
at java.base/java.util.ArrayList.forEach(ArrayList.java:1511)
at io.cucumber.core.runner.CachingGlue.prepareGlue(CachingGlue.java:272)
at io.cucumber.core.runner.Runner.runPickle(Runner.java:72)
at io.cucumber.testng.TestNGCucumberRunner.lambda$runScenario$1(TestNGCucumberRunner.java:132)
at io.cucumber.core.runtime.CucumberExecutionContext.lambda$runTestCase$5(CucumberExecutionContext.java:137)
at io.cucumber.core.runtime.RethrowingThrowableCollector.executeAndThrow(RethrowingThrowableCollector.java:23)
at io.cucumber.core.runtime.CucumberExecutionContext.runTestCase(CucumberExecutionContext.java:137)
at io.cucumber.testng.TestNGCucumberRunner.runScenario(TestNGCucumberRunner.java:129)
at io.cucumber.testng.AbstractTestNGCucumberTests.runScenario(AbstractTestNGCucumberTests.java:35)
at java.base/jdk.internal.reflect.DirectMethodHandleAccessor.invoke(DirectMethodHandleAccessor.java:104)
at java.base/java.lang.reflect.Method.invoke(Method.java:578)
at org.testng.internal.invokers.MethodInvocationHelper.invokeMethod(MethodInvocationHelper.java:139)
at org.testng.internal.invokers.TestInvoker.invokeMethod(TestInvoker.java:664)
at org.testng.internal.invokers.TestInvoker.invokeTestMethod(TestInvoker.java:227)
at org.testng.internal.invokers.TestMethodWithDataProviderMethodWorker.call(TestMethodWithDataProviderMethodWorker.java:80)
at org.testng.internal.invokers.TestMethodWithDataProviderMethodWorker.call(TestMethodWithDataProviderMethodWorker.java:17)
at java.base/java.util.concurrent.FutureTask.run(FutureTask.java:317)
at java.base/java.util.concurrent.Executors$RunnableAdapter.call(Executors.java:577)
at java.base/java.util.concurrent.FutureTask.run(FutureTask.java:317)
at java.base/java.util.concurrent.ThreadPoolExecutor.runWorker(ThreadPoolExecutor.java:1144)
at java.base/java.util.concurrent.ThreadPoolExecutor$Worker.run(ThreadPoolExecutor.java:642)
at java.base/java.lang.Thread.run(Thread.java:1623)
]]>
    </failure>
  </testcase> <!-- runScenario -->
  <testcase classname="io.cucumber.testng.AbstractTestNGCucumberTests" name="runScenario" time="0.725">
    <failure type="io.cucumber.core.runner.DuplicateStepDefinitionException" message="Duplicate step definitions in stepdefinitions.AssignmentPageStepDefinition.admin_enters_all_mandatory_field_values_with_valid_data_and_clicks_save_button_program_name_batch_number_assignment_name_grade_by_assignment_due_date(java.lang.String) and stepdefinitions.AssignmentPageStepDefinition.admin_enters_all_mandatory_field_values_with_valid_data_and_clicks_save_button_program_name_batch_number_assignment_name_grade_by_assignment_due_date_in_assignmment(java.lang.String)">
      <![CDATA[io.cucumber.core.runner.DuplicateStepDefinitionException: Duplicate step definitions in stepdefinitions.AssignmentPageStepDefinition.admin_enters_all_mandatory_field_values_with_valid_data_and_clicks_save_button_program_name_batch_number_assignment_name_grade_by_assignment_due_date(java.lang.String) and stepdefinitions.AssignmentPageStepDefinition.admin_enters_all_mandatory_field_values_with_valid_data_and_clicks_save_button_program_name_batch_number_assignment_name_grade_by_assignment_due_date_in_assignmment(java.lang.String)
at io.cucumber.core.runner.CachingGlue.lambda$prepareGlue$3(CachingGlue.java:278)
at java.base/java.util.ArrayList.forEach(ArrayList.java:1511)
at io.cucumber.core.runner.CachingGlue.prepareGlue(CachingGlue.java:272)
at io.cucumber.core.runner.Runner.runPickle(Runner.java:72)
at io.cucumber.testng.TestNGCucumberRunner.lambda$runScenario$1(TestNGCucumberRunner.java:132)
at io.cucumber.core.runtime.CucumberExecutionContext.lambda$runTestCase$5(CucumberExecutionContext.java:137)
at io.cucumber.core.runtime.RethrowingThrowableCollector.executeAndThrow(RethrowingThrowableCollector.java:23)
at io.cucumber.core.runtime.CucumberExecutionContext.runTestCase(CucumberExecutionContext.java:137)
at io.cucumber.testng.TestNGCucumberRunner.runScenario(TestNGCucumberRunner.java:129)
at io.cucumber.testng.AbstractTestNGCucumberTests.runScenario(AbstractTestNGCucumberTests.java:35)
at java.base/jdk.internal.reflect.DirectMethodHandleAccessor.invoke(DirectMethodHandleAccessor.java:104)
at java.base/java.lang.reflect.Method.invoke(Method.java:578)
at org.testng.internal.invokers.MethodInvocationHelper.invokeMethod(MethodInvocationHelper.java:139)
at org.testng.internal.invokers.TestInvoker.invokeMethod(TestInvoker.java:664)
at org.testng.internal.invokers.TestInvoker.invokeTestMethod(TestInvoker.java:227)
at org.testng.internal.invokers.TestMethodWithDataProviderMethodWorker.call(TestMethodWithDataProviderMethodWorker.java:80)
at org.testng.internal.invokers.TestMethodWithDataProviderMethodWorker.call(TestMethodWithDataProviderMethodWorker.java:17)
at java.base/java.util.concurrent.FutureTask.run(FutureTask.java:317)
at java.base/java.util.concurrent.Executors$RunnableAdapter.call(Executors.java:577)
at java.base/java.util.concurrent.FutureTask.run(FutureTask.java:317)
at java.base/java.util.concurrent.ThreadPoolExecutor.runWorker(ThreadPoolExecutor.java:1144)
at java.base/java.util.concurrent.ThreadPoolExecutor$Worker.run(ThreadPoolExecutor.java:642)
at java.base/java.lang.Thread.run(Thread.java:1623)
]]>
    </failure>
  </testcase> <!-- runScenario -->
  <testcase classname="io.cucumber.testng.AbstractTestNGCucumberTests" name="runScenario" time="0.721">
    <failure type="io.cucumber.core.runner.DuplicateStepDefinitionException" message="Duplicate step definitions in stepdefinitions.AssignmentPageStepDefinition.admin_enters_all_mandatory_field_values_with_valid_data_and_clicks_save_button_program_name_batch_number_assignment_name_grade_by_assignment_due_date(java.lang.String) and stepdefinitions.AssignmentPageStepDefinition.admin_enters_all_mandatory_field_values_with_valid_data_and_clicks_save_button_program_name_batch_number_assignment_name_grade_by_assignment_due_date_in_assignmment(java.lang.String)">
      <![CDATA[io.cucumber.core.runner.DuplicateStepDefinitionException: Duplicate step definitions in stepdefinitions.AssignmentPageStepDefinition.admin_enters_all_mandatory_field_values_with_valid_data_and_clicks_save_button_program_name_batch_number_assignment_name_grade_by_assignment_due_date(java.lang.String) and stepdefinitions.AssignmentPageStepDefinition.admin_enters_all_mandatory_field_values_with_valid_data_and_clicks_save_button_program_name_batch_number_assignment_name_grade_by_assignment_due_date_in_assignmment(java.lang.String)
at io.cucumber.core.runner.CachingGlue.lambda$prepareGlue$3(CachingGlue.java:278)
at java.base/java.util.ArrayList.forEach(ArrayList.java:1511)
at io.cucumber.core.runner.CachingGlue.prepareGlue(CachingGlue.java:272)
at io.cucumber.core.runner.Runner.runPickle(Runner.java:72)
at io.cucumber.testng.TestNGCucumberRunner.lambda$runScenario$1(TestNGCucumberRunner.java:132)
at io.cucumber.core.runtime.CucumberExecutionContext.lambda$runTestCase$5(CucumberExecutionContext.java:137)
at io.cucumber.core.runtime.RethrowingThrowableCollector.executeAndThrow(RethrowingThrowableCollector.java:23)
at io.cucumber.core.runtime.CucumberExecutionContext.runTestCase(CucumberExecutionContext.java:137)
at io.cucumber.testng.TestNGCucumberRunner.runScenario(TestNGCucumberRunner.java:129)
at io.cucumber.testng.AbstractTestNGCucumberTests.runScenario(AbstractTestNGCucumberTests.java:35)
at java.base/jdk.internal.reflect.DirectMethodHandleAccessor.invoke(DirectMethodHandleAccessor.java:104)
at java.base/java.lang.reflect.Method.invoke(Method.java:578)
at org.testng.internal.invokers.MethodInvocationHelper.invokeMethod(MethodInvocationHelper.java:139)
at org.testng.internal.invokers.TestInvoker.invokeMethod(TestInvoker.java:664)
at org.testng.internal.invokers.TestInvoker.invokeTestMethod(TestInvoker.java:227)
at org.testng.internal.invokers.TestMethodWithDataProviderMethodWorker.call(TestMethodWithDataProviderMethodWorker.java:80)
at org.testng.internal.invokers.TestMethodWithDataProviderMethodWorker.call(TestMethodWithDataProviderMethodWorker.java:17)
at java.base/java.util.concurrent.FutureTask.run(FutureTask.java:317)
at java.base/java.util.concurrent.Executors$RunnableAdapter.call(Executors.java:577)
at java.base/java.util.concurrent.FutureTask.run(FutureTask.java:317)
at java.base/java.util.concurrent.ThreadPoolExecutor.runWorker(ThreadPoolExecutor.java:1144)
at java.base/java.util.concurrent.ThreadPoolExecutor$Worker.run(ThreadPoolExecutor.java:642)
at java.base/java.lang.Thread.run(Thread.java:1623)
]]>
    </failure>
  </testcase> <!-- runScenario -->
  <testcase classname="io.cucumber.testng.AbstractTestNGCucumberTests" name="runScenario" time="0.733">
    <failure type="io.cucumber.core.runner.DuplicateStepDefinitionException" message="Duplicate step definitions in stepdefinitions.AssignmentPageStepDefinition.admin_enters_all_mandatory_field_values_with_valid_data_and_clicks_save_button_program_name_batch_number_assignment_name_grade_by_assignment_due_date(java.lang.String) and stepdefinitions.AssignmentPageStepDefinition.admin_enters_all_mandatory_field_values_with_valid_data_and_clicks_save_button_program_name_batch_number_assignment_name_grade_by_assignment_due_date_in_assignmment(java.lang.String)">
      <![CDATA[io.cucumber.core.runner.DuplicateStepDefinitionException: Duplicate step definitions in stepdefinitions.AssignmentPageStepDefinition.admin_enters_all_mandatory_field_values_with_valid_data_and_clicks_save_button_program_name_batch_number_assignment_name_grade_by_assignment_due_date(java.lang.String) and stepdefinitions.AssignmentPageStepDefinition.admin_enters_all_mandatory_field_values_with_valid_data_and_clicks_save_button_program_name_batch_number_assignment_name_grade_by_assignment_due_date_in_assignmment(java.lang.String)
at io.cucumber.core.runner.CachingGlue.lambda$prepareGlue$3(CachingGlue.java:278)
at java.base/java.util.ArrayList.forEach(ArrayList.java:1511)
at io.cucumber.core.runner.CachingGlue.prepareGlue(CachingGlue.java:272)
at io.cucumber.core.runner.Runner.runPickle(Runner.java:72)
at io.cucumber.testng.TestNGCucumberRunner.lambda$runScenario$1(TestNGCucumberRunner.java:132)
at io.cucumber.core.runtime.CucumberExecutionContext.lambda$runTestCase$5(CucumberExecutionContext.java:137)
at io.cucumber.core.runtime.RethrowingThrowableCollector.executeAndThrow(RethrowingThrowableCollector.java:23)
at io.cucumber.core.runtime.CucumberExecutionContext.runTestCase(CucumberExecutionContext.java:137)
at io.cucumber.testng.TestNGCucumberRunner.runScenario(TestNGCucumberRunner.java:129)
at io.cucumber.testng.AbstractTestNGCucumberTests.runScenario(AbstractTestNGCucumberTests.java:35)
at java.base/jdk.internal.reflect.DirectMethodHandleAccessor.invoke(DirectMethodHandleAccessor.java:104)
at java.base/java.lang.reflect.Method.invoke(Method.java:578)
at org.testng.internal.invokers.MethodInvocationHelper.invokeMethod(MethodInvocationHelper.java:139)
at org.testng.internal.invokers.TestInvoker.invokeMethod(TestInvoker.java:664)
at org.testng.internal.invokers.TestInvoker.invokeTestMethod(TestInvoker.java:227)
at org.testng.internal.invokers.TestMethodWithDataProviderMethodWorker.call(TestMethodWithDataProviderMethodWorker.java:80)
at org.testng.internal.invokers.TestMethodWithDataProviderMethodWorker.call(TestMethodWithDataProviderMethodWorker.java:17)
at java.base/java.util.concurrent.FutureTask.run(FutureTask.java:317)
at java.base/java.util.concurrent.Executors$RunnableAdapter.call(Executors.java:577)
at java.base/java.util.concurrent.FutureTask.run(FutureTask.java:317)
at java.base/java.util.concurrent.ThreadPoolExecutor.runWorker(ThreadPoolExecutor.java:1144)
at java.base/java.util.concurrent.ThreadPoolExecutor$Worker.run(ThreadPoolExecutor.java:642)
at java.base/java.lang.Thread.run(Thread.java:1623)
]]>
    </failure>
  </testcase> <!-- runScenario -->
  <testcase classname="io.cucumber.testng.AbstractTestNGCucumberTests" name="runScenario" time="0.725">
    <failure type="io.cucumber.core.runner.DuplicateStepDefinitionException" message="Duplicate step definitions in stepdefinitions.AssignmentPageStepDefinition.admin_enters_all_mandatory_field_values_with_valid_data_and_clicks_save_button_program_name_batch_number_assignment_name_grade_by_assignment_due_date(java.lang.String) and stepdefinitions.AssignmentPageStepDefinition.admin_enters_all_mandatory_field_values_with_valid_data_and_clicks_save_button_program_name_batch_number_assignment_name_grade_by_assignment_due_date_in_assignmment(java.lang.String)">
      <![CDATA[io.cucumber.core.runner.DuplicateStepDefinitionException: Duplicate step definitions in stepdefinitions.AssignmentPageStepDefinition.admin_enters_all_mandatory_field_values_with_valid_data_and_clicks_save_button_program_name_batch_number_assignment_name_grade_by_assignment_due_date(java.lang.String) and stepdefinitions.AssignmentPageStepDefinition.admin_enters_all_mandatory_field_values_with_valid_data_and_clicks_save_button_program_name_batch_number_assignment_name_grade_by_assignment_due_date_in_assignmment(java.lang.String)
at io.cucumber.core.runner.CachingGlue.lambda$prepareGlue$3(CachingGlue.java:278)
at java.base/java.util.ArrayList.forEach(ArrayList.java:1511)
at io.cucumber.core.runner.CachingGlue.prepareGlue(CachingGlue.java:272)
at io.cucumber.core.runner.Runner.runPickle(Runner.java:72)
at io.cucumber.testng.TestNGCucumberRunner.lambda$runScenario$1(TestNGCucumberRunner.java:132)
at io.cucumber.core.runtime.CucumberExecutionContext.lambda$runTestCase$5(CucumberExecutionContext.java:137)
at io.cucumber.core.runtime.RethrowingThrowableCollector.executeAndThrow(RethrowingThrowableCollector.java:23)
at io.cucumber.core.runtime.CucumberExecutionContext.runTestCase(CucumberExecutionContext.java:137)
at io.cucumber.testng.TestNGCucumberRunner.runScenario(TestNGCucumberRunner.java:129)
at io.cucumber.testng.AbstractTestNGCucumberTests.runScenario(AbstractTestNGCucumberTests.java:35)
at java.base/jdk.internal.reflect.DirectMethodHandleAccessor.invoke(DirectMethodHandleAccessor.java:104)
at java.base/java.lang.reflect.Method.invoke(Method.java:578)
at org.testng.internal.invokers.MethodInvocationHelper.invokeMethod(MethodInvocationHelper.java:139)
at org.testng.internal.invokers.TestInvoker.invokeMethod(TestInvoker.java:664)
at org.testng.internal.invokers.TestInvoker.invokeTestMethod(TestInvoker.java:227)
at org.testng.internal.invokers.TestMethodWithDataProviderMethodWorker.call(TestMethodWithDataProviderMethodWorker.java:80)
at org.testng.internal.invokers.TestMethodWithDataProviderMethodWorker.call(TestMethodWithDataProviderMethodWorker.java:17)
at java.base/java.util.concurrent.FutureTask.run(FutureTask.java:317)
at java.base/java.util.concurrent.Executors$RunnableAdapter.call(Executors.java:577)
at java.base/java.util.concurrent.FutureTask.run(FutureTask.java:317)
at java.base/java.util.concurrent.ThreadPoolExecutor.runWorker(ThreadPoolExecutor.java:1144)
at java.base/java.util.concurrent.ThreadPoolExecutor$Worker.run(ThreadPoolExecutor.java:642)
at java.base/java.lang.Thread.run(Thread.java:1623)
]]>
    </failure>
  </testcase> <!-- runScenario -->
  <testcase classname="io.cucumber.testng.AbstractTestNGCucumberTests" name="runScenario" time="0.723">
    <failure type="io.cucumber.core.runner.DuplicateStepDefinitionException" message="Duplicate step definitions in stepdefinitions.AssignmentPageStepDefinition.admin_enters_all_mandatory_field_values_with_valid_data_and_clicks_save_button_program_name_batch_number_assignment_name_grade_by_assignment_due_date(java.lang.String) and stepdefinitions.AssignmentPageStepDefinition.admin_enters_all_mandatory_field_values_with_valid_data_and_clicks_save_button_program_name_batch_number_assignment_name_grade_by_assignment_due_date_in_assignmment(java.lang.String)">
      <![CDATA[io.cucumber.core.runner.DuplicateStepDefinitionException: Duplicate step definitions in stepdefinitions.AssignmentPageStepDefinition.admin_enters_all_mandatory_field_values_with_valid_data_and_clicks_save_button_program_name_batch_number_assignment_name_grade_by_assignment_due_date(java.lang.String) and stepdefinitions.AssignmentPageStepDefinition.admin_enters_all_mandatory_field_values_with_valid_data_and_clicks_save_button_program_name_batch_number_assignment_name_grade_by_assignment_due_date_in_assignmment(java.lang.String)
at io.cucumber.core.runner.CachingGlue.lambda$prepareGlue$3(CachingGlue.java:278)
at java.base/java.util.ArrayList.forEach(ArrayList.java:1511)
at io.cucumber.core.runner.CachingGlue.prepareGlue(CachingGlue.java:272)
at io.cucumber.core.runner.Runner.runPickle(Runner.java:72)
at io.cucumber.testng.TestNGCucumberRunner.lambda$runScenario$1(TestNGCucumberRunner.java:132)
at io.cucumber.core.runtime.CucumberExecutionContext.lambda$runTestCase$5(CucumberExecutionContext.java:137)
at io.cucumber.core.runtime.RethrowingThrowableCollector.executeAndThrow(RethrowingThrowableCollector.java:23)
at io.cucumber.core.runtime.CucumberExecutionContext.runTestCase(CucumberExecutionContext.java:137)
at io.cucumber.testng.TestNGCucumberRunner.runScenario(TestNGCucumberRunner.java:129)
at io.cucumber.testng.AbstractTestNGCucumberTests.runScenario(AbstractTestNGCucumberTests.java:35)
at java.base/jdk.internal.reflect.DirectMethodHandleAccessor.invoke(DirectMethodHandleAccessor.java:104)
at java.base/java.lang.reflect.Method.invoke(Method.java:578)
at org.testng.internal.invokers.MethodInvocationHelper.invokeMethod(MethodInvocationHelper.java:139)
at org.testng.internal.invokers.TestInvoker.invokeMethod(TestInvoker.java:664)
at org.testng.internal.invokers.TestInvoker.invokeTestMethod(TestInvoker.java:227)
at org.testng.internal.invokers.TestMethodWithDataProviderMethodWorker.call(TestMethodWithDataProviderMethodWorker.java:80)
at org.testng.internal.invokers.TestMethodWithDataProviderMethodWorker.call(TestMethodWithDataProviderMethodWorker.java:17)
at java.base/java.util.concurrent.FutureTask.run(FutureTask.java:317)
at java.base/java.util.concurrent.Executors$RunnableAdapter.call(Executors.java:577)
at java.base/java.util.concurrent.FutureTask.run(FutureTask.java:317)
at java.base/java.util.concurrent.ThreadPoolExecutor.runWorker(ThreadPoolExecutor.java:1144)
at java.base/java.util.concurrent.ThreadPoolExecutor$Worker.run(ThreadPoolExecutor.java:642)
at java.base/java.lang.Thread.run(Thread.java:1623)
]]>
    </failure>
  </testcase> <!-- runScenario -->
  <testcase classname="io.cucumber.testng.AbstractTestNGCucumberTests" name="runScenario" time="0.724">
    <failure type="io.cucumber.core.runner.DuplicateStepDefinitionException" message="Duplicate step definitions in stepdefinitions.AssignmentPageStepDefinition.admin_enters_all_mandatory_field_values_with_valid_data_and_clicks_save_button_program_name_batch_number_assignment_name_grade_by_assignment_due_date(java.lang.String) and stepdefinitions.AssignmentPageStepDefinition.admin_enters_all_mandatory_field_values_with_valid_data_and_clicks_save_button_program_name_batch_number_assignment_name_grade_by_assignment_due_date_in_assignmment(java.lang.String)">
      <![CDATA[io.cucumber.core.runner.DuplicateStepDefinitionException: Duplicate step definitions in stepdefinitions.AssignmentPageStepDefinition.admin_enters_all_mandatory_field_values_with_valid_data_and_clicks_save_button_program_name_batch_number_assignment_name_grade_by_assignment_due_date(java.lang.String) and stepdefinitions.AssignmentPageStepDefinition.admin_enters_all_mandatory_field_values_with_valid_data_and_clicks_save_button_program_name_batch_number_assignment_name_grade_by_assignment_due_date_in_assignmment(java.lang.String)
at io.cucumber.core.runner.CachingGlue.lambda$prepareGlue$3(CachingGlue.java:278)
at java.base/java.util.ArrayList.forEach(ArrayList.java:1511)
at io.cucumber.core.runner.CachingGlue.prepareGlue(CachingGlue.java:272)
at io.cucumber.core.runner.Runner.runPickle(Runner.java:72)
at io.cucumber.testng.TestNGCucumberRunner.lambda$runScenario$1(TestNGCucumberRunner.java:132)
at io.cucumber.core.runtime.CucumberExecutionContext.lambda$runTestCase$5(CucumberExecutionContext.java:137)
at io.cucumber.core.runtime.RethrowingThrowableCollector.executeAndThrow(RethrowingThrowableCollector.java:23)
at io.cucumber.core.runtime.CucumberExecutionContext.runTestCase(CucumberExecutionContext.java:137)
at io.cucumber.testng.TestNGCucumberRunner.runScenario(TestNGCucumberRunner.java:129)
at io.cucumber.testng.AbstractTestNGCucumberTests.runScenario(AbstractTestNGCucumberTests.java:35)
at java.base/jdk.internal.reflect.DirectMethodHandleAccessor.invoke(DirectMethodHandleAccessor.java:104)
at java.base/java.lang.reflect.Method.invoke(Method.java:578)
at org.testng.internal.invokers.MethodInvocationHelper.invokeMethod(MethodInvocationHelper.java:139)
at org.testng.internal.invokers.TestInvoker.invokeMethod(TestInvoker.java:664)
at org.testng.internal.invokers.TestInvoker.invokeTestMethod(TestInvoker.java:227)
at org.testng.internal.invokers.TestMethodWithDataProviderMethodWorker.call(TestMethodWithDataProviderMethodWorker.java:80)
at org.testng.internal.invokers.TestMethodWithDataProviderMethodWorker.call(TestMethodWithDataProviderMethodWorker.java:17)
at java.base/java.util.concurrent.FutureTask.run(FutureTask.java:317)
at java.base/java.util.concurrent.Executors$RunnableAdapter.call(Executors.java:577)
at java.base/java.util.concurrent.FutureTask.run(FutureTask.java:317)
at java.base/java.util.concurrent.ThreadPoolExecutor.runWorker(ThreadPoolExecutor.java:1144)
at java.base/java.util.concurrent.ThreadPoolExecutor$Worker.run(ThreadPoolExecutor.java:642)
at java.base/java.lang.Thread.run(Thread.java:1623)
]]>
    </failure>
  </testcase> <!-- runScenario -->
  <testcase classname="io.cucumber.testng.AbstractTestNGCucumberTests" name="runScenario" time="0.726">
    <failure type="io.cucumber.core.runner.DuplicateStepDefinitionException" message="Duplicate step definitions in stepdefinitions.AssignmentPageStepDefinition.admin_enters_all_mandatory_field_values_with_valid_data_and_clicks_save_button_program_name_batch_number_assignment_name_grade_by_assignment_due_date(java.lang.String) and stepdefinitions.AssignmentPageStepDefinition.admin_enters_all_mandatory_field_values_with_valid_data_and_clicks_save_button_program_name_batch_number_assignment_name_grade_by_assignment_due_date_in_assignmment(java.lang.String)">
      <![CDATA[io.cucumber.core.runner.DuplicateStepDefinitionException: Duplicate step definitions in stepdefinitions.AssignmentPageStepDefinition.admin_enters_all_mandatory_field_values_with_valid_data_and_clicks_save_button_program_name_batch_number_assignment_name_grade_by_assignment_due_date(java.lang.String) and stepdefinitions.AssignmentPageStepDefinition.admin_enters_all_mandatory_field_values_with_valid_data_and_clicks_save_button_program_name_batch_number_assignment_name_grade_by_assignment_due_date_in_assignmment(java.lang.String)
at io.cucumber.core.runner.CachingGlue.lambda$prepareGlue$3(CachingGlue.java:278)
at java.base/java.util.ArrayList.forEach(ArrayList.java:1511)
at io.cucumber.core.runner.CachingGlue.prepareGlue(CachingGlue.java:272)
at io.cucumber.core.runner.Runner.runPickle(Runner.java:72)
at io.cucumber.testng.TestNGCucumberRunner.lambda$runScenario$1(TestNGCucumberRunner.java:132)
at io.cucumber.core.runtime.CucumberExecutionContext.lambda$runTestCase$5(CucumberExecutionContext.java:137)
at io.cucumber.core.runtime.RethrowingThrowableCollector.executeAndThrow(RethrowingThrowableCollector.java:23)
at io.cucumber.core.runtime.CucumberExecutionContext.runTestCase(CucumberExecutionContext.java:137)
at io.cucumber.testng.TestNGCucumberRunner.runScenario(TestNGCucumberRunner.java:129)
at io.cucumber.testng.AbstractTestNGCucumberTests.runScenario(AbstractTestNGCucumberTests.java:35)
at java.base/jdk.internal.reflect.DirectMethodHandleAccessor.invoke(DirectMethodHandleAccessor.java:104)
at java.base/java.lang.reflect.Method.invoke(Method.java:578)
at org.testng.internal.invokers.MethodInvocationHelper.invokeMethod(MethodInvocationHelper.java:139)
at org.testng.internal.invokers.TestInvoker.invokeMethod(TestInvoker.java:664)
at org.testng.internal.invokers.TestInvoker.invokeTestMethod(TestInvoker.java:227)
at org.testng.internal.invokers.TestMethodWithDataProviderMethodWorker.call(TestMethodWithDataProviderMethodWorker.java:80)
at org.testng.internal.invokers.TestMethodWithDataProviderMethodWorker.call(TestMethodWithDataProviderMethodWorker.java:17)
at java.base/java.util.concurrent.FutureTask.run(FutureTask.java:317)
at java.base/java.util.concurrent.Executors$RunnableAdapter.call(Executors.java:577)
at java.base/java.util.concurrent.FutureTask.run(FutureTask.java:317)
at java.base/java.util.concurrent.ThreadPoolExecutor.runWorker(ThreadPoolExecutor.java:1144)
at java.base/java.util.concurrent.ThreadPoolExecutor$Worker.run(ThreadPoolExecutor.java:642)
at java.base/java.lang.Thread.run(Thread.java:1623)
]]>
    </failure>
  </testcase> <!-- runScenario -->
  <testcase classname="io.cucumber.testng.AbstractTestNGCucumberTests" name="runScenario" time="0.724">
    <failure type="io.cucumber.core.runner.DuplicateStepDefinitionException" message="Duplicate step definitions in stepdefinitions.AssignmentPageStepDefinition.admin_enters_all_mandatory_field_values_with_valid_data_and_clicks_save_button_program_name_batch_number_assignment_name_grade_by_assignment_due_date(java.lang.String) and stepdefinitions.AssignmentPageStepDefinition.admin_enters_all_mandatory_field_values_with_valid_data_and_clicks_save_button_program_name_batch_number_assignment_name_grade_by_assignment_due_date_in_assignmment(java.lang.String)">
      <![CDATA[io.cucumber.core.runner.DuplicateStepDefinitionException: Duplicate step definitions in stepdefinitions.AssignmentPageStepDefinition.admin_enters_all_mandatory_field_values_with_valid_data_and_clicks_save_button_program_name_batch_number_assignment_name_grade_by_assignment_due_date(java.lang.String) and stepdefinitions.AssignmentPageStepDefinition.admin_enters_all_mandatory_field_values_with_valid_data_and_clicks_save_button_program_name_batch_number_assignment_name_grade_by_assignment_due_date_in_assignmment(java.lang.String)
at io.cucumber.core.runner.CachingGlue.lambda$prepareGlue$3(CachingGlue.java:278)
at java.base/java.util.ArrayList.forEach(ArrayList.java:1511)
at io.cucumber.core.runner.CachingGlue.prepareGlue(CachingGlue.java:272)
at io.cucumber.core.runner.Runner.runPickle(Runner.java:72)
at io.cucumber.testng.TestNGCucumberRunner.lambda$runScenario$1(TestNGCucumberRunner.java:132)
at io.cucumber.core.runtime.CucumberExecutionContext.lambda$runTestCase$5(CucumberExecutionContext.java:137)
at io.cucumber.core.runtime.RethrowingThrowableCollector.executeAndThrow(RethrowingThrowableCollector.java:23)
at io.cucumber.core.runtime.CucumberExecutionContext.runTestCase(CucumberExecutionContext.java:137)
at io.cucumber.testng.TestNGCucumberRunner.runScenario(TestNGCucumberRunner.java:129)
at io.cucumber.testng.AbstractTestNGCucumberTests.runScenario(AbstractTestNGCucumberTests.java:35)
at java.base/jdk.internal.reflect.DirectMethodHandleAccessor.invoke(DirectMethodHandleAccessor.java:104)
at java.base/java.lang.reflect.Method.invoke(Method.java:578)
at org.testng.internal.invokers.MethodInvocationHelper.invokeMethod(MethodInvocationHelper.java:139)
at org.testng.internal.invokers.TestInvoker.invokeMethod(TestInvoker.java:664)
at org.testng.internal.invokers.TestInvoker.invokeTestMethod(TestInvoker.java:227)
at org.testng.internal.invokers.TestMethodWithDataProviderMethodWorker.call(TestMethodWithDataProviderMethodWorker.java:80)
at org.testng.internal.invokers.TestMethodWithDataProviderMethodWorker.call(TestMethodWithDataProviderMethodWorker.java:17)
at java.base/java.util.concurrent.FutureTask.run(FutureTask.java:317)
at java.base/java.util.concurrent.Executors$RunnableAdapter.call(Executors.java:577)
at java.base/java.util.concurrent.FutureTask.run(FutureTask.java:317)
at java.base/java.util.concurrent.ThreadPoolExecutor.runWorker(ThreadPoolExecutor.java:1144)
at java.base/java.util.concurrent.ThreadPoolExecutor$Worker.run(ThreadPoolExecutor.java:642)
at java.base/java.lang.Thread.run(Thread.java:1623)
]]>
    </failure>
  </testcase> <!-- runScenario -->
  <testcase classname="io.cucumber.testng.AbstractTestNGCucumberTests" name="runScenario" time="0.724">
    <failure type="io.cucumber.core.runner.DuplicateStepDefinitionException" message="Duplicate step definitions in stepdefinitions.AssignmentPageStepDefinition.admin_enters_all_mandatory_field_values_with_valid_data_and_clicks_save_button_program_name_batch_number_assignment_name_grade_by_assignment_due_date(java.lang.String) and stepdefinitions.AssignmentPageStepDefinition.admin_enters_all_mandatory_field_values_with_valid_data_and_clicks_save_button_program_name_batch_number_assignment_name_grade_by_assignment_due_date_in_assignmment(java.lang.String)">
      <![CDATA[io.cucumber.core.runner.DuplicateStepDefinitionException: Duplicate step definitions in stepdefinitions.AssignmentPageStepDefinition.admin_enters_all_mandatory_field_values_with_valid_data_and_clicks_save_button_program_name_batch_number_assignment_name_grade_by_assignment_due_date(java.lang.String) and stepdefinitions.AssignmentPageStepDefinition.admin_enters_all_mandatory_field_values_with_valid_data_and_clicks_save_button_program_name_batch_number_assignment_name_grade_by_assignment_due_date_in_assignmment(java.lang.String)
at io.cucumber.core.runner.CachingGlue.lambda$prepareGlue$3(CachingGlue.java:278)
at java.base/java.util.ArrayList.forEach(ArrayList.java:1511)
at io.cucumber.core.runner.CachingGlue.prepareGlue(CachingGlue.java:272)
at io.cucumber.core.runner.Runner.runPickle(Runner.java:72)
at io.cucumber.testng.TestNGCucumberRunner.lambda$runScenario$1(TestNGCucumberRunner.java:132)
at io.cucumber.core.runtime.CucumberExecutionContext.lambda$runTestCase$5(CucumberExecutionContext.java:137)
at io.cucumber.core.runtime.RethrowingThrowableCollector.executeAndThrow(RethrowingThrowableCollector.java:23)
at io.cucumber.core.runtime.CucumberExecutionContext.runTestCase(CucumberExecutionContext.java:137)
at io.cucumber.testng.TestNGCucumberRunner.runScenario(TestNGCucumberRunner.java:129)
at io.cucumber.testng.AbstractTestNGCucumberTests.runScenario(AbstractTestNGCucumberTests.java:35)
at java.base/jdk.internal.reflect.DirectMethodHandleAccessor.invoke(DirectMethodHandleAccessor.java:104)
at java.base/java.lang.reflect.Method.invoke(Method.java:578)
at org.testng.internal.invokers.MethodInvocationHelper.invokeMethod(MethodInvocationHelper.java:139)
at org.testng.internal.invokers.TestInvoker.invokeMethod(TestInvoker.java:664)
at org.testng.internal.invokers.TestInvoker.invokeTestMethod(TestInvoker.java:227)
at org.testng.internal.invokers.TestMethodWithDataProviderMethodWorker.call(TestMethodWithDataProviderMethodWorker.java:80)
at org.testng.internal.invokers.TestMethodWithDataProviderMethodWorker.call(TestMethodWithDataProviderMethodWorker.java:17)
at java.base/java.util.concurrent.FutureTask.run(FutureTask.java:317)
at java.base/java.util.concurrent.Executors$RunnableAdapter.call(Executors.java:577)
at java.base/java.util.concurrent.FutureTask.run(FutureTask.java:317)
at java.base/java.util.concurrent.ThreadPoolExecutor.runWorker(ThreadPoolExecutor.java:1144)
at java.base/java.util.concurrent.ThreadPoolExecutor$Worker.run(ThreadPoolExecutor.java:642)
at java.base/java.lang.Thread.run(Thread.java:1623)
]]>
    </failure>
  </testcase> <!-- runScenario -->
  <testcase classname="io.cucumber.testng.AbstractTestNGCucumberTests" name="runScenario" time="0.114">
    <failure type="io.cucumber.core.runner.DuplicateStepDefinitionException" message="Duplicate step definitions in stepdefinitions.AssignmentPageStepDefinition.admin_enters_all_mandatory_field_values_with_valid_data_and_clicks_save_button_program_name_batch_number_assignment_name_grade_by_assignment_due_date(java.lang.String) and stepdefinitions.AssignmentPageStepDefinition.admin_enters_all_mandatory_field_values_with_valid_data_and_clicks_save_button_program_name_batch_number_assignment_name_grade_by_assignment_due_date_in_assignmment(java.lang.String)">
      <![CDATA[io.cucumber.core.runner.DuplicateStepDefinitionException: Duplicate step definitions in stepdefinitions.AssignmentPageStepDefinition.admin_enters_all_mandatory_field_values_with_valid_data_and_clicks_save_button_program_name_batch_number_assignment_name_grade_by_assignment_due_date(java.lang.String) and stepdefinitions.AssignmentPageStepDefinition.admin_enters_all_mandatory_field_values_with_valid_data_and_clicks_save_button_program_name_batch_number_assignment_name_grade_by_assignment_due_date_in_assignmment(java.lang.String)
at io.cucumber.core.runner.CachingGlue.lambda$prepareGlue$3(CachingGlue.java:278)
at java.base/java.util.ArrayList.forEach(ArrayList.java:1511)
at io.cucumber.core.runner.CachingGlue.prepareGlue(CachingGlue.java:272)
at io.cucumber.core.runner.Runner.runPickle(Runner.java:72)
at io.cucumber.testng.TestNGCucumberRunner.lambda$runScenario$1(TestNGCucumberRunner.java:132)
at io.cucumber.core.runtime.CucumberExecutionContext.lambda$runTestCase$5(CucumberExecutionContext.java:137)
at io.cucumber.core.runtime.RethrowingThrowableCollector.executeAndThrow(RethrowingThrowableCollector.java:23)
at io.cucumber.core.runtime.CucumberExecutionContext.runTestCase(CucumberExecutionContext.java:137)
at io.cucumber.testng.TestNGCucumberRunner.runScenario(TestNGCucumberRunner.java:129)
at io.cucumber.testng.AbstractTestNGCucumberTests.runScenario(AbstractTestNGCucumberTests.java:35)
at java.base/jdk.internal.reflect.DirectMethodHandleAccessor.invoke(DirectMethodHandleAccessor.java:104)
at java.base/java.lang.reflect.Method.invoke(Method.java:578)
at org.testng.internal.invokers.MethodInvocationHelper.invokeMethod(MethodInvocationHelper.java:139)
at org.testng.internal.invokers.TestInvoker.invokeMethod(TestInvoker.java:664)
at org.testng.internal.invokers.TestInvoker.invokeTestMethod(TestInvoker.java:227)
at org.testng.internal.invokers.TestMethodWithDataProviderMethodWorker.call(TestMethodWithDataProviderMethodWorker.java:80)
at org.testng.internal.invokers.TestMethodWithDataProviderMethodWorker.call(TestMethodWithDataProviderMethodWorker.java:17)
at java.base/java.util.concurrent.FutureTask.run(FutureTask.java:317)
at java.base/java.util.concurrent.Executors$RunnableAdapter.call(Executors.java:577)
at java.base/java.util.concurrent.FutureTask.run(FutureTask.java:317)
at java.base/java.util.concurrent.ThreadPoolExecutor.runWorker(ThreadPoolExecutor.java:1144)
at java.base/java.util.concurrent.ThreadPoolExecutor$Worker.run(ThreadPoolExecutor.java:642)
at java.base/java.lang.Thread.run(Thread.java:1623)
]]>
    </failure>
  </testcase> <!-- runScenario -->
  <testcase classname="io.cucumber.testng.AbstractTestNGCucumberTests" name="runScenario" time="0.125">
    <failure type="io.cucumber.core.runner.DuplicateStepDefinitionException" message="Duplicate step definitions in stepdefinitions.AssignmentPageStepDefinition.admin_enters_all_mandatory_field_values_with_valid_data_and_clicks_save_button_program_name_batch_number_assignment_name_grade_by_assignment_due_date(java.lang.String) and stepdefinitions.AssignmentPageStepDefinition.admin_enters_all_mandatory_field_values_with_valid_data_and_clicks_save_button_program_name_batch_number_assignment_name_grade_by_assignment_due_date_in_assignmment(java.lang.String)">
      <![CDATA[io.cucumber.core.runner.DuplicateStepDefinitionException: Duplicate step definitions in stepdefinitions.AssignmentPageStepDefinition.admin_enters_all_mandatory_field_values_with_valid_data_and_clicks_save_button_program_name_batch_number_assignment_name_grade_by_assignment_due_date(java.lang.String) and stepdefinitions.AssignmentPageStepDefinition.admin_enters_all_mandatory_field_values_with_valid_data_and_clicks_save_button_program_name_batch_number_assignment_name_grade_by_assignment_due_date_in_assignmment(java.lang.String)
at io.cucumber.core.runner.CachingGlue.lambda$prepareGlue$3(CachingGlue.java:278)
at java.base/java.util.ArrayList.forEach(ArrayList.java:1511)
at io.cucumber.core.runner.CachingGlue.prepareGlue(CachingGlue.java:272)
at io.cucumber.core.runner.Runner.runPickle(Runner.java:72)
at io.cucumber.testng.TestNGCucumberRunner.lambda$runScenario$1(TestNGCucumberRunner.java:132)
at io.cucumber.core.runtime.CucumberExecutionContext.lambda$runTestCase$5(CucumberExecutionContext.java:137)
at io.cucumber.core.runtime.RethrowingThrowableCollector.executeAndThrow(RethrowingThrowableCollector.java:23)
at io.cucumber.core.runtime.CucumberExecutionContext.runTestCase(CucumberExecutionContext.java:137)
at io.cucumber.testng.TestNGCucumberRunner.runScenario(TestNGCucumberRunner.java:129)
at io.cucumber.testng.AbstractTestNGCucumberTests.runScenario(AbstractTestNGCucumberTests.java:35)
at java.base/jdk.internal.reflect.DirectMethodHandleAccessor.invoke(DirectMethodHandleAccessor.java:104)
at java.base/java.lang.reflect.Method.invoke(Method.java:578)
at org.testng.internal.invokers.MethodInvocationHelper.invokeMethod(MethodInvocationHelper.java:139)
at org.testng.internal.invokers.TestInvoker.invokeMethod(TestInvoker.java:664)
at org.testng.internal.invokers.TestInvoker.invokeTestMethod(TestInvoker.java:227)
at org.testng.internal.invokers.TestMethodWithDataProviderMethodWorker.call(TestMethodWithDataProviderMethodWorker.java:80)
at org.testng.internal.invokers.TestMethodWithDataProviderMethodWorker.call(TestMethodWithDataProviderMethodWorker.java:17)
at java.base/java.util.concurrent.FutureTask.run(FutureTask.java:317)
at java.base/java.util.concurrent.Executors$RunnableAdapter.call(Executors.java:577)
at java.base/java.util.concurrent.FutureTask.run(FutureTask.java:317)
at java.base/java.util.concurrent.ThreadPoolExecutor.runWorker(ThreadPoolExecutor.java:1144)
at java.base/java.util.concurrent.ThreadPoolExecutor$Worker.run(ThreadPoolExecutor.java:642)
at java.base/java.lang.Thread.run(Thread.java:1623)
]]>
    </failure>
  </testcase> <!-- runScenario -->
  <testcase classname="io.cucumber.testng.AbstractTestNGCucumberTests" name="runScenario" time="0.133">
    <failure type="io.cucumber.core.runner.DuplicateStepDefinitionException" message="Duplicate step definitions in stepdefinitions.AssignmentPageStepDefinition.admin_enters_all_mandatory_field_values_with_valid_data_and_clicks_save_button_program_name_batch_number_assignment_name_grade_by_assignment_due_date(java.lang.String) and stepdefinitions.AssignmentPageStepDefinition.admin_enters_all_mandatory_field_values_with_valid_data_and_clicks_save_button_program_name_batch_number_assignment_name_grade_by_assignment_due_date_in_assignmment(java.lang.String)">
      <![CDATA[io.cucumber.core.runner.DuplicateStepDefinitionException: Duplicate step definitions in stepdefinitions.AssignmentPageStepDefinition.admin_enters_all_mandatory_field_values_with_valid_data_and_clicks_save_button_program_name_batch_number_assignment_name_grade_by_assignment_due_date(java.lang.String) and stepdefinitions.AssignmentPageStepDefinition.admin_enters_all_mandatory_field_values_with_valid_data_and_clicks_save_button_program_name_batch_number_assignment_name_grade_by_assignment_due_date_in_assignmment(java.lang.String)
at io.cucumber.core.runner.CachingGlue.lambda$prepareGlue$3(CachingGlue.java:278)
at java.base/java.util.ArrayList.forEach(ArrayList.java:1511)
at io.cucumber.core.runner.CachingGlue.prepareGlue(CachingGlue.java:272)
at io.cucumber.core.runner.Runner.runPickle(Runner.java:72)
at io.cucumber.testng.TestNGCucumberRunner.lambda$runScenario$1(TestNGCucumberRunner.java:132)
at io.cucumber.core.runtime.CucumberExecutionContext.lambda$runTestCase$5(CucumberExecutionContext.java:137)
at io.cucumber.core.runtime.RethrowingThrowableCollector.executeAndThrow(RethrowingThrowableCollector.java:23)
at io.cucumber.core.runtime.CucumberExecutionContext.runTestCase(CucumberExecutionContext.java:137)
at io.cucumber.testng.TestNGCucumberRunner.runScenario(TestNGCucumberRunner.java:129)
at io.cucumber.testng.AbstractTestNGCucumberTests.runScenario(AbstractTestNGCucumberTests.java:35)
at java.base/jdk.internal.reflect.DirectMethodHandleAccessor.invoke(DirectMethodHandleAccessor.java:104)
at java.base/java.lang.reflect.Method.invoke(Method.java:578)
at org.testng.internal.invokers.MethodInvocationHelper.invokeMethod(MethodInvocationHelper.java:139)
at org.testng.internal.invokers.TestInvoker.invokeMethod(TestInvoker.java:664)
at org.testng.internal.invokers.TestInvoker.invokeTestMethod(TestInvoker.java:227)
at org.testng.internal.invokers.TestMethodWithDataProviderMethodWorker.call(TestMethodWithDataProviderMethodWorker.java:80)
at org.testng.internal.invokers.TestMethodWithDataProviderMethodWorker.call(TestMethodWithDataProviderMethodWorker.java:17)
at java.base/java.util.concurrent.FutureTask.run(FutureTask.java:317)
at java.base/java.util.concurrent.Executors$RunnableAdapter.call(Executors.java:577)
at java.base/java.util.concurrent.FutureTask.run(FutureTask.java:317)
at java.base/java.util.concurrent.ThreadPoolExecutor.runWorker(ThreadPoolExecutor.java:1144)
at java.base/java.util.concurrent.ThreadPoolExecutor$Worker.run(ThreadPoolExecutor.java:642)
at java.base/java.lang.Thread.run(Thread.java:1623)
]]>
    </failure>
  </testcase> <!-- runScenario -->
  <testcase classname="io.cucumber.testng.AbstractTestNGCucumberTests" name="runScenario" time="0.148">
    <failure type="io.cucumber.core.runner.DuplicateStepDefinitionException" message="Duplicate step definitions in stepdefinitions.AssignmentPageStepDefinition.admin_enters_all_mandatory_field_values_with_valid_data_and_clicks_save_button_program_name_batch_number_assignment_name_grade_by_assignment_due_date(java.lang.String) and stepdefinitions.AssignmentPageStepDefinition.admin_enters_all_mandatory_field_values_with_valid_data_and_clicks_save_button_program_name_batch_number_assignment_name_grade_by_assignment_due_date_in_assignmment(java.lang.String)">
      <![CDATA[io.cucumber.core.runner.DuplicateStepDefinitionException: Duplicate step definitions in stepdefinitions.AssignmentPageStepDefinition.admin_enters_all_mandatory_field_values_with_valid_data_and_clicks_save_button_program_name_batch_number_assignment_name_grade_by_assignment_due_date(java.lang.String) and stepdefinitions.AssignmentPageStepDefinition.admin_enters_all_mandatory_field_values_with_valid_data_and_clicks_save_button_program_name_batch_number_assignment_name_grade_by_assignment_due_date_in_assignmment(java.lang.String)
at io.cucumber.core.runner.CachingGlue.lambda$prepareGlue$3(CachingGlue.java:278)
at java.base/java.util.ArrayList.forEach(ArrayList.java:1511)
at io.cucumber.core.runner.CachingGlue.prepareGlue(CachingGlue.java:272)
at io.cucumber.core.runner.Runner.runPickle(Runner.java:72)
at io.cucumber.testng.TestNGCucumberRunner.lambda$runScenario$1(TestNGCucumberRunner.java:132)
at io.cucumber.core.runtime.CucumberExecutionContext.lambda$runTestCase$5(CucumberExecutionContext.java:137)
at io.cucumber.core.runtime.RethrowingThrowableCollector.executeAndThrow(RethrowingThrowableCollector.java:23)
at io.cucumber.core.runtime.CucumberExecutionContext.runTestCase(CucumberExecutionContext.java:137)
at io.cucumber.testng.TestNGCucumberRunner.runScenario(TestNGCucumberRunner.java:129)
at io.cucumber.testng.AbstractTestNGCucumberTests.runScenario(AbstractTestNGCucumberTests.java:35)
at java.base/jdk.internal.reflect.DirectMethodHandleAccessor.invoke(DirectMethodHandleAccessor.java:104)
at java.base/java.lang.reflect.Method.invoke(Method.java:578)
at org.testng.internal.invokers.MethodInvocationHelper.invokeMethod(MethodInvocationHelper.java:139)
at org.testng.internal.invokers.TestInvoker.invokeMethod(TestInvoker.java:664)
at org.testng.internal.invokers.TestInvoker.invokeTestMethod(TestInvoker.java:227)
at org.testng.internal.invokers.TestMethodWithDataProviderMethodWorker.call(TestMethodWithDataProviderMethodWorker.java:80)
at org.testng.internal.invokers.TestMethodWithDataProviderMethodWorker.call(TestMethodWithDataProviderMethodWorker.java:17)
at java.base/java.util.concurrent.FutureTask.run(FutureTask.java:317)
at java.base/java.util.concurrent.Executors$RunnableAdapter.call(Executors.java:577)
at java.base/java.util.concurrent.FutureTask.run(FutureTask.java:317)
at java.base/java.util.concurrent.ThreadPoolExecutor.runWorker(ThreadPoolExecutor.java:1144)
at java.base/java.util.concurrent.ThreadPoolExecutor$Worker.run(ThreadPoolExecutor.java:642)
at java.base/java.lang.Thread.run(Thread.java:1623)
]]>
    </failure>
  </testcase> <!-- runScenario -->
  <testcase classname="io.cucumber.testng.AbstractTestNGCucumberTests" name="runScenario" time="0.14">
    <failure type="io.cucumber.core.runner.DuplicateStepDefinitionException" message="Duplicate step definitions in stepdefinitions.AssignmentPageStepDefinition.admin_enters_all_mandatory_field_values_with_valid_data_and_clicks_save_button_program_name_batch_number_assignment_name_grade_by_assignment_due_date(java.lang.String) and stepdefinitions.AssignmentPageStepDefinition.admin_enters_all_mandatory_field_values_with_valid_data_and_clicks_save_button_program_name_batch_number_assignment_name_grade_by_assignment_due_date_in_assignmment(java.lang.String)">
      <![CDATA[io.cucumber.core.runner.DuplicateStepDefinitionException: Duplicate step definitions in stepdefinitions.AssignmentPageStepDefinition.admin_enters_all_mandatory_field_values_with_valid_data_and_clicks_save_button_program_name_batch_number_assignment_name_grade_by_assignment_due_date(java.lang.String) and stepdefinitions.AssignmentPageStepDefinition.admin_enters_all_mandatory_field_values_with_valid_data_and_clicks_save_button_program_name_batch_number_assignment_name_grade_by_assignment_due_date_in_assignmment(java.lang.String)
at io.cucumber.core.runner.CachingGlue.lambda$prepareGlue$3(CachingGlue.java:278)
at java.base/java.util.ArrayList.forEach(ArrayList.java:1511)
at io.cucumber.core.runner.CachingGlue.prepareGlue(CachingGlue.java:272)
at io.cucumber.core.runner.Runner.runPickle(Runner.java:72)
at io.cucumber.testng.TestNGCucumberRunner.lambda$runScenario$1(TestNGCucumberRunner.java:132)
at io.cucumber.core.runtime.CucumberExecutionContext.lambda$runTestCase$5(CucumberExecutionContext.java:137)
at io.cucumber.core.runtime.RethrowingThrowableCollector.executeAndThrow(RethrowingThrowableCollector.java:23)
at io.cucumber.core.runtime.CucumberExecutionContext.runTestCase(CucumberExecutionContext.java:137)
at io.cucumber.testng.TestNGCucumberRunner.runScenario(TestNGCucumberRunner.java:129)
at io.cucumber.testng.AbstractTestNGCucumberTests.runScenario(AbstractTestNGCucumberTests.java:35)
at java.base/jdk.internal.reflect.DirectMethodHandleAccessor.invoke(DirectMethodHandleAccessor.java:104)
at java.base/java.lang.reflect.Method.invoke(Method.java:578)
at org.testng.internal.invokers.MethodInvocationHelper.invokeMethod(MethodInvocationHelper.java:139)
at org.testng.internal.invokers.TestInvoker.invokeMethod(TestInvoker.java:664)
at org.testng.internal.invokers.TestInvoker.invokeTestMethod(TestInvoker.java:227)
at org.testng.internal.invokers.TestMethodWithDataProviderMethodWorker.call(TestMethodWithDataProviderMethodWorker.java:80)
at org.testng.internal.invokers.TestMethodWithDataProviderMethodWorker.call(TestMethodWithDataProviderMethodWorker.java:17)
at java.base/java.util.concurrent.FutureTask.run(FutureTask.java:317)
at java.base/java.util.concurrent.Executors$RunnableAdapter.call(Executors.java:577)
at java.base/java.util.concurrent.FutureTask.run(FutureTask.java:317)
at java.base/java.util.concurrent.ThreadPoolExecutor.runWorker(ThreadPoolExecutor.java:1144)
at java.base/java.util.concurrent.ThreadPoolExecutor$Worker.run(ThreadPoolExecutor.java:642)
at java.base/java.lang.Thread.run(Thread.java:1623)
]]>
    </failure>
  </testcase> <!-- runScenario -->
  <testcase classname="io.cucumber.testng.AbstractTestNGCucumberTests" name="runScenario" time="0.149">
    <failure type="io.cucumber.core.runner.DuplicateStepDefinitionException" message="Duplicate step definitions in stepdefinitions.AssignmentPageStepDefinition.admin_enters_all_mandatory_field_values_with_valid_data_and_clicks_save_button_program_name_batch_number_assignment_name_grade_by_assignment_due_date(java.lang.String) and stepdefinitions.AssignmentPageStepDefinition.admin_enters_all_mandatory_field_values_with_valid_data_and_clicks_save_button_program_name_batch_number_assignment_name_grade_by_assignment_due_date_in_assignmment(java.lang.String)">
      <![CDATA[io.cucumber.core.runner.DuplicateStepDefinitionException: Duplicate step definitions in stepdefinitions.AssignmentPageStepDefinition.admin_enters_all_mandatory_field_values_with_valid_data_and_clicks_save_button_program_name_batch_number_assignment_name_grade_by_assignment_due_date(java.lang.String) and stepdefinitions.AssignmentPageStepDefinition.admin_enters_all_mandatory_field_values_with_valid_data_and_clicks_save_button_program_name_batch_number_assignment_name_grade_by_assignment_due_date_in_assignmment(java.lang.String)
at io.cucumber.core.runner.CachingGlue.lambda$prepareGlue$3(CachingGlue.java:278)
at java.base/java.util.ArrayList.forEach(ArrayList.java:1511)
at io.cucumber.core.runner.CachingGlue.prepareGlue(CachingGlue.java:272)
at io.cucumber.core.runner.Runner.runPickle(Runner.java:72)
at io.cucumber.testng.TestNGCucumberRunner.lambda$runScenario$1(TestNGCucumberRunner.java:132)
at io.cucumber.core.runtime.CucumberExecutionContext.lambda$runTestCase$5(CucumberExecutionContext.java:137)
at io.cucumber.core.runtime.RethrowingThrowableCollector.executeAndThrow(RethrowingThrowableCollector.java:23)
at io.cucumber.core.runtime.CucumberExecutionContext.runTestCase(CucumberExecutionContext.java:137)
at io.cucumber.testng.TestNGCucumberRunner.runScenario(TestNGCucumberRunner.java:129)
at io.cucumber.testng.AbstractTestNGCucumberTests.runScenario(AbstractTestNGCucumberTests.java:35)
at java.base/jdk.internal.reflect.DirectMethodHandleAccessor.invoke(DirectMethodHandleAccessor.java:104)
at java.base/java.lang.reflect.Method.invoke(Method.java:578)
at org.testng.internal.invokers.MethodInvocationHelper.invokeMethod(MethodInvocationHelper.java:139)
at org.testng.internal.invokers.TestInvoker.invokeMethod(TestInvoker.java:664)
at org.testng.internal.invokers.TestInvoker.invokeTestMethod(TestInvoker.java:227)
at org.testng.internal.invokers.TestMethodWithDataProviderMethodWorker.call(TestMethodWithDataProviderMethodWorker.java:80)
at org.testng.internal.invokers.TestMethodWithDataProviderMethodWorker.call(TestMethodWithDataProviderMethodWorker.java:17)
at java.base/java.util.concurrent.FutureTask.run(FutureTask.java:317)
at java.base/java.util.concurrent.Executors$RunnableAdapter.call(Executors.java:577)
at java.base/java.util.concurrent.FutureTask.run(FutureTask.java:317)
at java.base/java.util.concurrent.ThreadPoolExecutor.runWorker(ThreadPoolExecutor.java:1144)
at java.base/java.util.concurrent.ThreadPoolExecutor$Worker.run(ThreadPoolExecutor.java:642)
at java.base/java.lang.Thread.run(Thread.java:1623)
]]>
    </failure>
  </testcase> <!-- runScenario -->
  <testcase classname="io.cucumber.testng.AbstractTestNGCucumberTests" name="runScenario" time="0.145">
    <failure type="io.cucumber.core.runner.DuplicateStepDefinitionException" message="Duplicate step definitions in stepdefinitions.AssignmentPageStepDefinition.admin_enters_all_mandatory_field_values_with_valid_data_and_clicks_save_button_program_name_batch_number_assignment_name_grade_by_assignment_due_date(java.lang.String) and stepdefinitions.AssignmentPageStepDefinition.admin_enters_all_mandatory_field_values_with_valid_data_and_clicks_save_button_program_name_batch_number_assignment_name_grade_by_assignment_due_date_in_assignmment(java.lang.String)">
      <![CDATA[io.cucumber.core.runner.DuplicateStepDefinitionException: Duplicate step definitions in stepdefinitions.AssignmentPageStepDefinition.admin_enters_all_mandatory_field_values_with_valid_data_and_clicks_save_button_program_name_batch_number_assignment_name_grade_by_assignment_due_date(java.lang.String) and stepdefinitions.AssignmentPageStepDefinition.admin_enters_all_mandatory_field_values_with_valid_data_and_clicks_save_button_program_name_batch_number_assignment_name_grade_by_assignment_due_date_in_assignmment(java.lang.String)
at io.cucumber.core.runner.CachingGlue.lambda$prepareGlue$3(CachingGlue.java:278)
at java.base/java.util.ArrayList.forEach(ArrayList.java:1511)
at io.cucumber.core.runner.CachingGlue.prepareGlue(CachingGlue.java:272)
at io.cucumber.core.runner.Runner.runPickle(Runner.java:72)
at io.cucumber.testng.TestNGCucumberRunner.lambda$runScenario$1(TestNGCucumberRunner.java:132)
at io.cucumber.core.runtime.CucumberExecutionContext.lambda$runTestCase$5(CucumberExecutionContext.java:137)
at io.cucumber.core.runtime.RethrowingThrowableCollector.executeAndThrow(RethrowingThrowableCollector.java:23)
at io.cucumber.core.runtime.CucumberExecutionContext.runTestCase(CucumberExecutionContext.java:137)
at io.cucumber.testng.TestNGCucumberRunner.runScenario(TestNGCucumberRunner.java:129)
at io.cucumber.testng.AbstractTestNGCucumberTests.runScenario(AbstractTestNGCucumberTests.java:35)
at java.base/jdk.internal.reflect.DirectMethodHandleAccessor.invoke(DirectMethodHandleAccessor.java:104)
at java.base/java.lang.reflect.Method.invoke(Method.java:578)
at org.testng.internal.invokers.MethodInvocationHelper.invokeMethod(MethodInvocationHelper.java:139)
at org.testng.internal.invokers.TestInvoker.invokeMethod(TestInvoker.java:664)
at org.testng.internal.invokers.TestInvoker.invokeTestMethod(TestInvoker.java:227)
at org.testng.internal.invokers.TestMethodWithDataProviderMethodWorker.call(TestMethodWithDataProviderMethodWorker.java:80)
at org.testng.internal.invokers.TestMethodWithDataProviderMethodWorker.call(TestMethodWithDataProviderMethodWorker.java:17)
at java.base/java.util.concurrent.FutureTask.run(FutureTask.java:317)
at java.base/java.util.concurrent.Executors$RunnableAdapter.call(Executors.java:577)
at java.base/java.util.concurrent.FutureTask.run(FutureTask.java:317)
at java.base/java.util.concurrent.ThreadPoolExecutor.runWorker(ThreadPoolExecutor.java:1144)
at java.base/java.util.concurrent.ThreadPoolExecutor$Worker.run(ThreadPoolExecutor.java:642)
at java.base/java.lang.Thread.run(Thread.java:1623)
]]>
    </failure>
  </testcase> <!-- runScenario -->
  <testcase classname="io.cucumber.testng.AbstractTestNGCucumberTests" name="runScenario" time="0.149">
    <failure type="io.cucumber.core.runner.DuplicateStepDefinitionException" message="Duplicate step definitions in stepdefinitions.AssignmentPageStepDefinition.admin_enters_all_mandatory_field_values_with_valid_data_and_clicks_save_button_program_name_batch_number_assignment_name_grade_by_assignment_due_date(java.lang.String) and stepdefinitions.AssignmentPageStepDefinition.admin_enters_all_mandatory_field_values_with_valid_data_and_clicks_save_button_program_name_batch_number_assignment_name_grade_by_assignment_due_date_in_assignmment(java.lang.String)">
      <![CDATA[io.cucumber.core.runner.DuplicateStepDefinitionException: Duplicate step definitions in stepdefinitions.AssignmentPageStepDefinition.admin_enters_all_mandatory_field_values_with_valid_data_and_clicks_save_button_program_name_batch_number_assignment_name_grade_by_assignment_due_date(java.lang.String) and stepdefinitions.AssignmentPageStepDefinition.admin_enters_all_mandatory_field_values_with_valid_data_and_clicks_save_button_program_name_batch_number_assignment_name_grade_by_assignment_due_date_in_assignmment(java.lang.String)
at io.cucumber.core.runner.CachingGlue.lambda$prepareGlue$3(CachingGlue.java:278)
at java.base/java.util.ArrayList.forEach(ArrayList.java:1511)
at io.cucumber.core.runner.CachingGlue.prepareGlue(CachingGlue.java:272)
at io.cucumber.core.runner.Runner.runPickle(Runner.java:72)
at io.cucumber.testng.TestNGCucumberRunner.lambda$runScenario$1(TestNGCucumberRunner.java:132)
at io.cucumber.core.runtime.CucumberExecutionContext.lambda$runTestCase$5(CucumberExecutionContext.java:137)
at io.cucumber.core.runtime.RethrowingThrowableCollector.executeAndThrow(RethrowingThrowableCollector.java:23)
at io.cucumber.core.runtime.CucumberExecutionContext.runTestCase(CucumberExecutionContext.java:137)
at io.cucumber.testng.TestNGCucumberRunner.runScenario(TestNGCucumberRunner.java:129)
at io.cucumber.testng.AbstractTestNGCucumberTests.runScenario(AbstractTestNGCucumberTests.java:35)
at java.base/jdk.internal.reflect.DirectMethodHandleAccessor.invoke(DirectMethodHandleAccessor.java:104)
at java.base/java.lang.reflect.Method.invoke(Method.java:578)
at org.testng.internal.invokers.MethodInvocationHelper.invokeMethod(MethodInvocationHelper.java:139)
at org.testng.internal.invokers.TestInvoker.invokeMethod(TestInvoker.java:664)
at org.testng.internal.invokers.TestInvoker.invokeTestMethod(TestInvoker.java:227)
at org.testng.internal.invokers.TestMethodWithDataProviderMethodWorker.call(TestMethodWithDataProviderMethodWorker.java:80)
at org.testng.internal.invokers.TestMethodWithDataProviderMethodWorker.call(TestMethodWithDataProviderMethodWorker.java:17)
at java.base/java.util.concurrent.FutureTask.run(FutureTask.java:317)
at java.base/java.util.concurrent.Executors$RunnableAdapter.call(Executors.java:577)
at java.base/java.util.concurrent.FutureTask.run(FutureTask.java:317)
at java.base/java.util.concurrent.ThreadPoolExecutor.runWorker(ThreadPoolExecutor.java:1144)
at java.base/java.util.concurrent.ThreadPoolExecutor$Worker.run(ThreadPoolExecutor.java:642)
at java.base/java.lang.Thread.run(Thread.java:1623)
]]>
    </failure>
  </testcase> <!-- runScenario -->
  <testcase classname="io.cucumber.testng.AbstractTestNGCucumberTests" name="runScenario" time="0.152">
    <failure type="io.cucumber.core.runner.DuplicateStepDefinitionException" message="Duplicate step definitions in stepdefinitions.AssignmentPageStepDefinition.admin_enters_all_mandatory_field_values_with_valid_data_and_clicks_save_button_program_name_batch_number_assignment_name_grade_by_assignment_due_date(java.lang.String) and stepdefinitions.AssignmentPageStepDefinition.admin_enters_all_mandatory_field_values_with_valid_data_and_clicks_save_button_program_name_batch_number_assignment_name_grade_by_assignment_due_date_in_assignmment(java.lang.String)">
      <![CDATA[io.cucumber.core.runner.DuplicateStepDefinitionException: Duplicate step definitions in stepdefinitions.AssignmentPageStepDefinition.admin_enters_all_mandatory_field_values_with_valid_data_and_clicks_save_button_program_name_batch_number_assignment_name_grade_by_assignment_due_date(java.lang.String) and stepdefinitions.AssignmentPageStepDefinition.admin_enters_all_mandatory_field_values_with_valid_data_and_clicks_save_button_program_name_batch_number_assignment_name_grade_by_assignment_due_date_in_assignmment(java.lang.String)
at io.cucumber.core.runner.CachingGlue.lambda$prepareGlue$3(CachingGlue.java:278)
at java.base/java.util.ArrayList.forEach(ArrayList.java:1511)
at io.cucumber.core.runner.CachingGlue.prepareGlue(CachingGlue.java:272)
at io.cucumber.core.runner.Runner.runPickle(Runner.java:72)
at io.cucumber.testng.TestNGCucumberRunner.lambda$runScenario$1(TestNGCucumberRunner.java:132)
at io.cucumber.core.runtime.CucumberExecutionContext.lambda$runTestCase$5(CucumberExecutionContext.java:137)
at io.cucumber.core.runtime.RethrowingThrowableCollector.executeAndThrow(RethrowingThrowableCollector.java:23)
at io.cucumber.core.runtime.CucumberExecutionContext.runTestCase(CucumberExecutionContext.java:137)
at io.cucumber.testng.TestNGCucumberRunner.runScenario(TestNGCucumberRunner.java:129)
at io.cucumber.testng.AbstractTestNGCucumberTests.runScenario(AbstractTestNGCucumberTests.java:35)
at java.base/jdk.internal.reflect.DirectMethodHandleAccessor.invoke(DirectMethodHandleAccessor.java:104)
at java.base/java.lang.reflect.Method.invoke(Method.java:578)
at org.testng.internal.invokers.MethodInvocationHelper.invokeMethod(MethodInvocationHelper.java:139)
at org.testng.internal.invokers.TestInvoker.invokeMethod(TestInvoker.java:664)
at org.testng.internal.invokers.TestInvoker.invokeTestMethod(TestInvoker.java:227)
at org.testng.internal.invokers.TestMethodWithDataProviderMethodWorker.call(TestMethodWithDataProviderMethodWorker.java:80)
at org.testng.internal.invokers.TestMethodWithDataProviderMethodWorker.call(TestMethodWithDataProviderMethodWorker.java:17)
at java.base/java.util.concurrent.FutureTask.run(FutureTask.java:317)
at java.base/java.util.concurrent.Executors$RunnableAdapter.call(Executors.java:577)
at java.base/java.util.concurrent.FutureTask.run(FutureTask.java:317)
at java.base/java.util.concurrent.ThreadPoolExecutor.runWorker(ThreadPoolExecutor.java:1144)
at java.base/java.util.concurrent.ThreadPoolExecutor$Worker.run(ThreadPoolExecutor.java:642)
at java.base/java.lang.Thread.run(Thread.java:1623)
]]>
    </failure>
  </testcase> <!-- runScenario -->
  <testcase classname="io.cucumber.testng.AbstractTestNGCucumberTests" name="runScenario" time="0.144">
    <failure type="io.cucumber.core.runner.DuplicateStepDefinitionException" message="Duplicate step definitions in stepdefinitions.AssignmentPageStepDefinition.admin_enters_all_mandatory_field_values_with_valid_data_and_clicks_save_button_program_name_batch_number_assignment_name_grade_by_assignment_due_date(java.lang.String) and stepdefinitions.AssignmentPageStepDefinition.admin_enters_all_mandatory_field_values_with_valid_data_and_clicks_save_button_program_name_batch_number_assignment_name_grade_by_assignment_due_date_in_assignmment(java.lang.String)">
      <![CDATA[io.cucumber.core.runner.DuplicateStepDefinitionException: Duplicate step definitions in stepdefinitions.AssignmentPageStepDefinition.admin_enters_all_mandatory_field_values_with_valid_data_and_clicks_save_button_program_name_batch_number_assignment_name_grade_by_assignment_due_date(java.lang.String) and stepdefinitions.AssignmentPageStepDefinition.admin_enters_all_mandatory_field_values_with_valid_data_and_clicks_save_button_program_name_batch_number_assignment_name_grade_by_assignment_due_date_in_assignmment(java.lang.String)
at io.cucumber.core.runner.CachingGlue.lambda$prepareGlue$3(CachingGlue.java:278)
at java.base/java.util.ArrayList.forEach(ArrayList.java:1511)
at io.cucumber.core.runner.CachingGlue.prepareGlue(CachingGlue.java:272)
at io.cucumber.core.runner.Runner.runPickle(Runner.java:72)
at io.cucumber.testng.TestNGCucumberRunner.lambda$runScenario$1(TestNGCucumberRunner.java:132)
at io.cucumber.core.runtime.CucumberExecutionContext.lambda$runTestCase$5(CucumberExecutionContext.java:137)
at io.cucumber.core.runtime.RethrowingThrowableCollector.executeAndThrow(RethrowingThrowableCollector.java:23)
at io.cucumber.core.runtime.CucumberExecutionContext.runTestCase(CucumberExecutionContext.java:137)
at io.cucumber.testng.TestNGCucumberRunner.runScenario(TestNGCucumberRunner.java:129)
at io.cucumber.testng.AbstractTestNGCucumberTests.runScenario(AbstractTestNGCucumberTests.java:35)
at java.base/jdk.internal.reflect.DirectMethodHandleAccessor.invoke(DirectMethodHandleAccessor.java:104)
at java.base/java.lang.reflect.Method.invoke(Method.java:578)
at org.testng.internal.invokers.MethodInvocationHelper.invokeMethod(MethodInvocationHelper.java:139)
at org.testng.internal.invokers.TestInvoker.invokeMethod(TestInvoker.java:664)
at org.testng.internal.invokers.TestInvoker.invokeTestMethod(TestInvoker.java:227)
at org.testng.internal.invokers.TestMethodWithDataProviderMethodWorker.call(TestMethodWithDataProviderMethodWorker.java:80)
at org.testng.internal.invokers.TestMethodWithDataProviderMethodWorker.call(TestMethodWithDataProviderMethodWorker.java:17)
at java.base/java.util.concurrent.FutureTask.run(FutureTask.java:317)
at java.base/java.util.concurrent.Executors$RunnableAdapter.call(Executors.java:577)
at java.base/java.util.concurrent.FutureTask.run(FutureTask.java:317)
at java.base/java.util.concurrent.ThreadPoolExecutor.runWorker(ThreadPoolExecutor.java:1144)
at java.base/java.util.concurrent.ThreadPoolExecutor$Worker.run(ThreadPoolExecutor.java:642)
at java.base/java.lang.Thread.run(Thread.java:1623)
]]>
    </failure>
  </testcase> <!-- runScenario -->
  <testcase classname="io.cucumber.testng.AbstractTestNGCucumberTests" name="runScenario" time="0.054">
    <failure type="io.cucumber.core.runner.DuplicateStepDefinitionException" message="Duplicate step definitions in stepdefinitions.AssignmentPageStepDefinition.admin_enters_all_mandatory_field_values_with_valid_data_and_clicks_save_button_program_name_batch_number_assignment_name_grade_by_assignment_due_date(java.lang.String) and stepdefinitions.AssignmentPageStepDefinition.admin_enters_all_mandatory_field_values_with_valid_data_and_clicks_save_button_program_name_batch_number_assignment_name_grade_by_assignment_due_date_in_assignmment(java.lang.String)">
      <![CDATA[io.cucumber.core.runner.DuplicateStepDefinitionException: Duplicate step definitions in stepdefinitions.AssignmentPageStepDefinition.admin_enters_all_mandatory_field_values_with_valid_data_and_clicks_save_button_program_name_batch_number_assignment_name_grade_by_assignment_due_date(java.lang.String) and stepdefinitions.AssignmentPageStepDefinition.admin_enters_all_mandatory_field_values_with_valid_data_and_clicks_save_button_program_name_batch_number_assignment_name_grade_by_assignment_due_date_in_assignmment(java.lang.String)
at io.cucumber.core.runner.CachingGlue.lambda$prepareGlue$3(CachingGlue.java:278)
at java.base/java.util.ArrayList.forEach(ArrayList.java:1511)
at io.cucumber.core.runner.CachingGlue.prepareGlue(CachingGlue.java:272)
at io.cucumber.core.runner.Runner.runPickle(Runner.java:72)
at io.cucumber.testng.TestNGCucumberRunner.lambda$runScenario$1(TestNGCucumberRunner.java:132)
at io.cucumber.core.runtime.CucumberExecutionContext.lambda$runTestCase$5(CucumberExecutionContext.java:137)
at io.cucumber.core.runtime.RethrowingThrowableCollector.executeAndThrow(RethrowingThrowableCollector.java:23)
at io.cucumber.core.runtime.CucumberExecutionContext.runTestCase(CucumberExecutionContext.java:137)
at io.cucumber.testng.TestNGCucumberRunner.runScenario(TestNGCucumberRunner.java:129)
at io.cucumber.testng.AbstractTestNGCucumberTests.runScenario(AbstractTestNGCucumberTests.java:35)
at java.base/jdk.internal.reflect.DirectMethodHandleAccessor.invoke(DirectMethodHandleAccessor.java:104)
at java.base/java.lang.reflect.Method.invoke(Method.java:578)
at org.testng.internal.invokers.MethodInvocationHelper.invokeMethod(MethodInvocationHelper.java:139)
at org.testng.internal.invokers.TestInvoker.invokeMethod(TestInvoker.java:664)
at org.testng.internal.invokers.TestInvoker.invokeTestMethod(TestInvoker.java:227)
at org.testng.internal.invokers.TestMethodWithDataProviderMethodWorker.call(TestMethodWithDataProviderMethodWorker.java:80)
at org.testng.internal.invokers.TestMethodWithDataProviderMethodWorker.call(TestMethodWithDataProviderMethodWorker.java:17)
at java.base/java.util.concurrent.FutureTask.run(FutureTask.java:317)
at java.base/java.util.concurrent.Executors$RunnableAdapter.call(Executors.java:577)
at java.base/java.util.concurrent.FutureTask.run(FutureTask.java:317)
at java.base/java.util.concurrent.ThreadPoolExecutor.runWorker(ThreadPoolExecutor.java:1144)
at java.base/java.util.concurrent.ThreadPoolExecutor$Worker.run(ThreadPoolExecutor.java:642)
at java.base/java.lang.Thread.run(Thread.java:1623)
]]>
    </failure>
  </testcase> <!-- runScenario -->
  <testcase classname="io.cucumber.testng.AbstractTestNGCucumberTests" name="runScenario" time="0.08">
    <failure type="io.cucumber.core.runner.DuplicateStepDefinitionException" message="Duplicate step definitions in stepdefinitions.AssignmentPageStepDefinition.admin_enters_all_mandatory_field_values_with_valid_data_and_clicks_save_button_program_name_batch_number_assignment_name_grade_by_assignment_due_date(java.lang.String) and stepdefinitions.AssignmentPageStepDefinition.admin_enters_all_mandatory_field_values_with_valid_data_and_clicks_save_button_program_name_batch_number_assignment_name_grade_by_assignment_due_date_in_assignmment(java.lang.String)">
      <![CDATA[io.cucumber.core.runner.DuplicateStepDefinitionException: Duplicate step definitions in stepdefinitions.AssignmentPageStepDefinition.admin_enters_all_mandatory_field_values_with_valid_data_and_clicks_save_button_program_name_batch_number_assignment_name_grade_by_assignment_due_date(java.lang.String) and stepdefinitions.AssignmentPageStepDefinition.admin_enters_all_mandatory_field_values_with_valid_data_and_clicks_save_button_program_name_batch_number_assignment_name_grade_by_assignment_due_date_in_assignmment(java.lang.String)
at io.cucumber.core.runner.CachingGlue.lambda$prepareGlue$3(CachingGlue.java:278)
at java.base/java.util.ArrayList.forEach(ArrayList.java:1511)
at io.cucumber.core.runner.CachingGlue.prepareGlue(CachingGlue.java:272)
at io.cucumber.core.runner.Runner.runPickle(Runner.java:72)
at io.cucumber.testng.TestNGCucumberRunner.lambda$runScenario$1(TestNGCucumberRunner.java:132)
at io.cucumber.core.runtime.CucumberExecutionContext.lambda$runTestCase$5(CucumberExecutionContext.java:137)
at io.cucumber.core.runtime.RethrowingThrowableCollector.executeAndThrow(RethrowingThrowableCollector.java:23)
at io.cucumber.core.runtime.CucumberExecutionContext.runTestCase(CucumberExecutionContext.java:137)
at io.cucumber.testng.TestNGCucumberRunner.runScenario(TestNGCucumberRunner.java:129)
at io.cucumber.testng.AbstractTestNGCucumberTests.runScenario(AbstractTestNGCucumberTests.java:35)
at java.base/jdk.internal.reflect.DirectMethodHandleAccessor.invoke(DirectMethodHandleAccessor.java:104)
at java.base/java.lang.reflect.Method.invoke(Method.java:578)
at org.testng.internal.invokers.MethodInvocationHelper.invokeMethod(MethodInvocationHelper.java:139)
at org.testng.internal.invokers.TestInvoker.invokeMethod(TestInvoker.java:664)
at org.testng.internal.invokers.TestInvoker.invokeTestMethod(TestInvoker.java:227)
at org.testng.internal.invokers.TestMethodWithDataProviderMethodWorker.call(TestMethodWithDataProviderMethodWorker.java:80)
at org.testng.internal.invokers.TestMethodWithDataProviderMethodWorker.call(TestMethodWithDataProviderMethodWorker.java:17)
at java.base/java.util.concurrent.FutureTask.run(FutureTask.java:317)
at java.base/java.util.concurrent.Executors$RunnableAdapter.call(Executors.java:577)
at java.base/java.util.concurrent.FutureTask.run(FutureTask.java:317)
at java.base/java.util.concurrent.ThreadPoolExecutor.runWorker(ThreadPoolExecutor.java:1144)
at java.base/java.util.concurrent.ThreadPoolExecutor$Worker.run(ThreadPoolExecutor.java:642)
at java.base/java.lang.Thread.run(Thread.java:1623)
]]>
    </failure>
  </testcase> <!-- runScenario -->
  <testcase classname="io.cucumber.testng.AbstractTestNGCucumberTests" name="runScenario" time="0.081">
    <failure type="io.cucumber.core.runner.DuplicateStepDefinitionException" message="Duplicate step definitions in stepdefinitions.AssignmentPageStepDefinition.admin_enters_all_mandatory_field_values_with_valid_data_and_clicks_save_button_program_name_batch_number_assignment_name_grade_by_assignment_due_date(java.lang.String) and stepdefinitions.AssignmentPageStepDefinition.admin_enters_all_mandatory_field_values_with_valid_data_and_clicks_save_button_program_name_batch_number_assignment_name_grade_by_assignment_due_date_in_assignmment(java.lang.String)">
      <![CDATA[io.cucumber.core.runner.DuplicateStepDefinitionException: Duplicate step definitions in stepdefinitions.AssignmentPageStepDefinition.admin_enters_all_mandatory_field_values_with_valid_data_and_clicks_save_button_program_name_batch_number_assignment_name_grade_by_assignment_due_date(java.lang.String) and stepdefinitions.AssignmentPageStepDefinition.admin_enters_all_mandatory_field_values_with_valid_data_and_clicks_save_button_program_name_batch_number_assignment_name_grade_by_assignment_due_date_in_assignmment(java.lang.String)
at io.cucumber.core.runner.CachingGlue.lambda$prepareGlue$3(CachingGlue.java:278)
at java.base/java.util.ArrayList.forEach(ArrayList.java:1511)
at io.cucumber.core.runner.CachingGlue.prepareGlue(CachingGlue.java:272)
at io.cucumber.core.runner.Runner.runPickle(Runner.java:72)
at io.cucumber.testng.TestNGCucumberRunner.lambda$runScenario$1(TestNGCucumberRunner.java:132)
at io.cucumber.core.runtime.CucumberExecutionContext.lambda$runTestCase$5(CucumberExecutionContext.java:137)
at io.cucumber.core.runtime.RethrowingThrowableCollector.executeAndThrow(RethrowingThrowableCollector.java:23)
at io.cucumber.core.runtime.CucumberExecutionContext.runTestCase(CucumberExecutionContext.java:137)
at io.cucumber.testng.TestNGCucumberRunner.runScenario(TestNGCucumberRunner.java:129)
at io.cucumber.testng.AbstractTestNGCucumberTests.runScenario(AbstractTestNGCucumberTests.java:35)
at java.base/jdk.internal.reflect.DirectMethodHandleAccessor.invoke(DirectMethodHandleAccessor.java:104)
at java.base/java.lang.reflect.Method.invoke(Method.java:578)
at org.testng.internal.invokers.MethodInvocationHelper.invokeMethod(MethodInvocationHelper.java:139)
at org.testng.internal.invokers.TestInvoker.invokeMethod(TestInvoker.java:664)
at org.testng.internal.invokers.TestInvoker.invokeTestMethod(TestInvoker.java:227)
at org.testng.internal.invokers.TestMethodWithDataProviderMethodWorker.call(TestMethodWithDataProviderMethodWorker.java:80)
at org.testng.internal.invokers.TestMethodWithDataProviderMethodWorker.call(TestMethodWithDataProviderMethodWorker.java:17)
at java.base/java.util.concurrent.FutureTask.run(FutureTask.java:317)
at java.base/java.util.concurrent.Executors$RunnableAdapter.call(Executors.java:577)
at java.base/java.util.concurrent.FutureTask.run(FutureTask.java:317)
at java.base/java.util.concurrent.ThreadPoolExecutor.runWorker(ThreadPoolExecutor.java:1144)
at java.base/java.util.concurrent.ThreadPoolExecutor$Worker.run(ThreadPoolExecutor.java:642)
at java.base/java.lang.Thread.run(Thread.java:1623)
]]>
    </failure>
  </testcase> <!-- runScenario -->
  <testcase classname="io.cucumber.testng.AbstractTestNGCucumberTests" name="runScenario" time="0.072">
    <failure type="io.cucumber.core.runner.DuplicateStepDefinitionException" message="Duplicate step definitions in stepdefinitions.AssignmentPageStepDefinition.admin_enters_all_mandatory_field_values_with_valid_data_and_clicks_save_button_program_name_batch_number_assignment_name_grade_by_assignment_due_date(java.lang.String) and stepdefinitions.AssignmentPageStepDefinition.admin_enters_all_mandatory_field_values_with_valid_data_and_clicks_save_button_program_name_batch_number_assignment_name_grade_by_assignment_due_date_in_assignmment(java.lang.String)">
      <![CDATA[io.cucumber.core.runner.DuplicateStepDefinitionException: Duplicate step definitions in stepdefinitions.AssignmentPageStepDefinition.admin_enters_all_mandatory_field_values_with_valid_data_and_clicks_save_button_program_name_batch_number_assignment_name_grade_by_assignment_due_date(java.lang.String) and stepdefinitions.AssignmentPageStepDefinition.admin_enters_all_mandatory_field_values_with_valid_data_and_clicks_save_button_program_name_batch_number_assignment_name_grade_by_assignment_due_date_in_assignmment(java.lang.String)
at io.cucumber.core.runner.CachingGlue.lambda$prepareGlue$3(CachingGlue.java:278)
at java.base/java.util.ArrayList.forEach(ArrayList.java:1511)
at io.cucumber.core.runner.CachingGlue.prepareGlue(CachingGlue.java:272)
at io.cucumber.core.runner.Runner.runPickle(Runner.java:72)
at io.cucumber.testng.TestNGCucumberRunner.lambda$runScenario$1(TestNGCucumberRunner.java:132)
at io.cucumber.core.runtime.CucumberExecutionContext.lambda$runTestCase$5(CucumberExecutionContext.java:137)
at io.cucumber.core.runtime.RethrowingThrowableCollector.executeAndThrow(RethrowingThrowableCollector.java:23)
at io.cucumber.core.runtime.CucumberExecutionContext.runTestCase(CucumberExecutionContext.java:137)
at io.cucumber.testng.TestNGCucumberRunner.runScenario(TestNGCucumberRunner.java:129)
at io.cucumber.testng.AbstractTestNGCucumberTests.runScenario(AbstractTestNGCucumberTests.java:35)
at java.base/jdk.internal.reflect.DirectMethodHandleAccessor.invoke(DirectMethodHandleAccessor.java:104)
at java.base/java.lang.reflect.Method.invoke(Method.java:578)
at org.testng.internal.invokers.MethodInvocationHelper.invokeMethod(MethodInvocationHelper.java:139)
at org.testng.internal.invokers.TestInvoker.invokeMethod(TestInvoker.java:664)
at org.testng.internal.invokers.TestInvoker.invokeTestMethod(TestInvoker.java:227)
at org.testng.internal.invokers.TestMethodWithDataProviderMethodWorker.call(TestMethodWithDataProviderMethodWorker.java:80)
at org.testng.internal.invokers.TestMethodWithDataProviderMethodWorker.call(TestMethodWithDataProviderMethodWorker.java:17)
at java.base/java.util.concurrent.FutureTask.run(FutureTask.java:317)
at java.base/java.util.concurrent.Executors$RunnableAdapter.call(Executors.java:577)
at java.base/java.util.concurrent.FutureTask.run(FutureTask.java:317)
at java.base/java.util.concurrent.ThreadPoolExecutor.runWorker(ThreadPoolExecutor.java:1144)
at java.base/java.util.concurrent.ThreadPoolExecutor$Worker.run(ThreadPoolExecutor.java:642)
at java.base/java.lang.Thread.run(Thread.java:1623)
]]>
    </failure>
  </testcase> <!-- runScenario -->
  <testcase classname="io.cucumber.testng.AbstractTestNGCucumberTests" name="runScenario" time="0.094">
    <failure type="io.cucumber.core.runner.DuplicateStepDefinitionException" message="Duplicate step definitions in stepdefinitions.AssignmentPageStepDefinition.admin_enters_all_mandatory_field_values_with_valid_data_and_clicks_save_button_program_name_batch_number_assignment_name_grade_by_assignment_due_date(java.lang.String) and stepdefinitions.AssignmentPageStepDefinition.admin_enters_all_mandatory_field_values_with_valid_data_and_clicks_save_button_program_name_batch_number_assignment_name_grade_by_assignment_due_date_in_assignmment(java.lang.String)">
[...]
at java.base/java.util.concurrent.ThreadPoolExecutor$Worker.run(ThreadPoolExecutor.java:642)
at java.base/java.lang.Thread.run(Thread.java:1623)
]]>
    </failure>
  </testcase> <!-- runScenario -->
  <testcase classname="io.cucumber.testng.AbstractTestNGCucumberTests" name="runScenario" time="0.042">
    <failure type="io.cucumber.core.runner.DuplicateStepDefinitionException" message="Duplicate step definitions in stepdefinitions.AssignmentPageStepDefinition.admin_enters_all_mandatory_field_values_with_valid_data_and_clicks_save_button_program_name_batch_number_assignment_name_grade_by_assignment_due_date(java.lang.String) and stepdefinitions.AssignmentPageStepDefinition.admin_enters_all_mandatory_field_values_with_valid_data_and_clicks_save_button_program_name_batch_number_assignment_name_grade_by_assignment_due_date_in_assignmment(java.lang.String)">
      <![CDATA[io.cucumber.core.runner.DuplicateStepDefinitionException: Duplicate step definitions in stepdefinitions.AssignmentPageStepDefinition.admin_enters_all_mandatory_field_values_with_valid_data_and_clicks_save_button_program_name_batch_number_assignment_name_grade_by_assignment_due_date(java.lang.String) and stepdefinitions.AssignmentPageStepDefinition.admin_enters_all_mandatory_field_values_with_valid_data_and_clicks_save_button_program_name_batch_number_assignment_name_grade_by_assignment_due_date_in_assignmment(java.lang.String)
at io.cucumber.core.runner.CachingGlue.lambda$prepareGlue$3(CachingGlue.java:278)
at java.base/java.util.ArrayList.forEach(ArrayList.java:1511)
at io.cucumber.core.runner.CachingGlue.prepareGlue(CachingGlue.java:272)
at io.cucumber.core.runner.Runner.runPickle(Runner.java:72)
at io.cucumber.testng.TestNGCucumberRunner.lambda$runScenario$1(TestNGCucumberRunner.java:132)
at io.cucumber.core.runtime.CucumberExecutionContext.lambda$runTestCase$5(CucumberExecutionContext.java:137)
at io.cucumber.core.runtime.RethrowingThrowableCollector.executeAndThrow(RethrowingThrowableCollector.java:23)
at io.cucumber.core.runtime.CucumberExecutionContext.runTestCase(CucumberExecutionContext.java:137)
at io.cucumber.testng.TestNGCucumberRunner.runScenario(TestNGCucumberRunner.java:129)
at io.cucumber.testng.AbstractTestNGCucumberTests.runScenario(AbstractTestNGCucumberTests.java:35)
at java.base/jdk.internal.reflect.DirectMethodHandleAccessor.invoke(DirectMethodHandleAccessor.java:104)
at java.base/java.lang.reflect.Method.invoke(Method.java:578)
at org.testng.internal.invokers.MethodInvocationHelper.invokeMethod(MethodInvocationHelper.java:139)
at org.testng.internal.invokers.TestInvoker.invokeMethod(TestInvoker.java:664)
at org.testng.internal.invokers.TestInvoker.invokeTestMethod(TestInvoker.java:227)
at org.testng.internal.invokers.TestMethodWithDataProviderMethodWorker.call(TestMethodWithDataProviderMethodWorker.java:80)
at org.testng.internal.invokers.TestMethodWithDataProviderMethodWorker.call(TestMethodWithDataProviderMethodWorker.java:17)
at java.base/java.util.concurrent.FutureTask.run(FutureTask.java:317)
at java.base/java.util.concurrent.Executors$RunnableAdapter.call(Executors.java:577)
at java.base/java.util.concurrent.FutureTask.run(FutureTask.java:317)
at java.base/java.util.concurrent.ThreadPoolExecutor.runWorker(ThreadPoolExecutor.java:1144)
at java.base/java.util.concurrent.ThreadPoolExecutor$Worker.run(ThreadPoolExecutor.java:642)
at java.base/java.lang.Thread.run(Thread.java:1623)
]]>
    </failure>
  </testcase> <!-- runScenario -->
  <testcase classname="io.cucumber.testng.AbstractTestNGCucumberTests" name="runScenario" time="0.036">
    <failure type="io.cucumber.core.runner.DuplicateStepDefinitionException" message="Duplicate step definitions in stepdefinitions.AssignmentPageStepDefinition.admin_enters_all_mandatory_field_values_with_valid_data_and_clicks_save_button_program_name_batch_number_assignment_name_grade_by_assignment_due_date(java.lang.String) and stepdefinitions.AssignmentPageStepDefinition.admin_enters_all_mandatory_field_values_with_valid_data_and_clicks_save_button_program_name_batch_number_assignment_name_grade_by_assignment_due_date_in_assignmment(java.lang.String)">
      <![CDATA[io.cucumber.core.runner.DuplicateStepDefinitionException: Duplicate step definitions in stepdefinitions.AssignmentPageStepDefinition.admin_enters_all_mandatory_field_values_with_valid_data_and_clicks_save_button_program_name_batch_number_assignment_name_grade_by_assignment_due_date(java.lang.String) and stepdefinitions.AssignmentPageStepDefinition.admin_enters_all_mandatory_field_values_with_valid_data_and_clicks_save_button_program_name_batch_number_assignment_name_grade_by_assignment_due_date_in_assignmment(java.lang.String)
at io.cucumber.core.runner.CachingGlue.lambda$prepareGlue$3(CachingGlue.java:278)
at java.base/java.util.ArrayList.forEach(ArrayList.java:1511)
at io.cucumber.core.runner.CachingGlue.prepareGlue(CachingGlue.java:272)
at io.cucumber.core.runner.Runner.runPickle(Runner.java:72)
at io.cucumber.testng.TestNGCucumberRunner.lambda$runScenario$1(TestNGCucumberRunner.java:132)
at io.cucumber.core.runtime.CucumberExecutionContext.lambda$runTestCase$5(CucumberExecutionContext.java:137)
at io.cucumber.core.runtime.RethrowingThrowableCollector.executeAndThrow(RethrowingThrowableCollector.java:23)
at io.cucumber.core.runtime.CucumberExecutionContext.runTestCase(CucumberExecutionContext.java:137)
at io.cucumber.testng.TestNGCucumberRunner.runScenario(TestNGCucumberRunner.java:129)
at io.cucumber.testng.AbstractTestNGCucumberTests.runScenario(AbstractTestNGCucumberTests.java:35)
at java.base/jdk.internal.reflect.DirectMethodHandleAccessor.invoke(DirectMethodHandleAccessor.java:104)
at java.base/java.lang.reflect.Method.invoke(Method.java:578)
at org.testng.internal.invokers.MethodInvocationHelper.invokeMethod(MethodInvocationHelper.java:139)
at org.testng.internal.invokers.TestInvoker.invokeMethod(TestInvoker.java:664)
at org.testng.internal.invokers.TestInvoker.invokeTestMethod(TestInvoker.java:227)
at org.testng.internal.invokers.TestMethodWithDataProviderMethodWorker.call(TestMethodWithDataProviderMethodWorker.java:80)
at org.testng.internal.invokers.TestMethodWithDataProviderMethodWorker.call(TestMethodWithDataProviderMethodWorker.java:17)
at java.base/java.util.concurrent.FutureTask.run(FutureTask.java:317)
at java.base/java.util.concurrent.Executors$RunnableAdapter.call(Executors.java:577)
at java.base/java.util.concurrent.FutureTask.run(FutureTask.java:317)
at java.base/java.util.concurrent.ThreadPoolExecutor.runWorker(ThreadPoolExecutor.java:1144)
at java.base/java.util.concurrent.ThreadPoolExecutor$Worker.run(ThreadPoolExecutor.java:642)
at java.base/java.lang.Thread.run(Thread.java:1623)
]]>
    </failure>
  </testcase> <!-- runScenario -->
  <testcase classname="io.cucumber.testng.AbstractTestNGCucumberTests" name="runScenario" time="0.043">
    <failure type="io.cucumber.core.runner.DuplicateStepDefinitionException" message="Duplicate step definitions in stepdefinitions.AssignmentPageStepDefinition.admin_enters_all_mandatory_field_values_with_valid_data_and_clicks_save_button_program_name_batch_number_assignment_name_grade_by_assignment_due_date(java.lang.String) and stepdefinitions.AssignmentPageStepDefinition.admin_enters_all_mandatory_field_values_with_valid_data_and_clicks_save_button_program_name_batch_number_assignment_name_grade_by_assignment_due_date_in_assignmment(java.lang.String)">
      <![CDATA[io.cucumber.core.runner.DuplicateStepDefinitionException: Duplicate step definitions in stepdefinitions.AssignmentPageStepDefinition.admin_enters_all_mandatory_field_values_with_valid_data_and_clicks_save_button_program_name_batch_number_assignment_name_grade_by_assignment_due_date(java.lang.String) and stepdefinitions.AssignmentPageStepDefinition.admin_enters_all_mandatory_field_values_with_valid_data_and_clicks_save_button_program_name_batch_number_assignment_name_grade_by_assignment_due_date_in_assignmment(java.lang.String)
at io.cucumber.core.runner.CachingGlue.lambda$prepareGlue$3(CachingGlue.java:278)
at java.base/java.util.ArrayList.forEach(ArrayList.java:1511)
at io.cucumber.core.runner.CachingGlue.prepareGlue(CachingGlue.java:272)
at io.cucumber.core.runner.Runner.runPickle(Runner.java:72)
at io.cucumber.testng.TestNGCucumberRunner.lambda$runScenario$1(TestNGCucumberRunner.java:132)
at io.cucumber.core.runtime.CucumberExecutionContext.lambda$runTestCase$5(CucumberExecutionContext.java:137)
at io.cucumber.core.runtime.RethrowingThrowableCollector.executeAndThrow(RethrowingThrowableCollector.java:23)
at io.cucumber.core.runtime.CucumberExecutionContext.runTestCase(CucumberExecutionContext.java:137)
at io.cucumber.testng.TestNGCucumberRunner.runScenario(TestNGCucumberRunner.java:129)
at io.cucumber.testng.AbstractTestNGCucumberTests.runScenario(AbstractTestNGCucumberTests.java:35)
at java.base/jdk.internal.reflect.DirectMethodHandleAccessor.invoke(DirectMethodHandleAccessor.java:104)
at java.base/java.lang.reflect.Method.invoke(Method.java:578)
at org.testng.internal.invokers.MethodInvocationHelper.invokeMethod(MethodInvocationHelper.java:139)
at org.testng.internal.invokers.TestInvoker.invokeMethod(TestInvoker.java:664)
at org.testng.internal.invokers.TestInvoker.invokeTestMethod(TestInvoker.java:227)
at org.testng.internal.invokers.TestMethodWithDataProviderMethodWorker.call(TestMethodWithDataProviderMethodWorker.java:80)
at org.testng.internal.invokers.TestMethodWithDataProviderMethodWorker.call(TestMethodWithDataProviderMethodWorker.java:17)
at java.base/java.util.concurrent.FutureTask.run(FutureTask.java:317)
at java.base/java.util.concurrent.Executors$RunnableAdapter.call(Executors.java:577)
at java.base/java.util.concurrent.FutureTask.run(FutureTask.java:317)
at java.base/java.util.concurrent.ThreadPoolExecutor.runWorker(ThreadPoolExecutor.java:1144)
at java.base/java.util.concurrent.ThreadPoolExecutor$Worker.run(ThreadPoolExecutor.java:642)
at java.base/java.lang.Thread.run(Thread.java:1623)
]]>
    </failure>
  </testcase> <!-- runScenario -->
  <testcase classname="io.cucumber.testng.AbstractTestNGCucumberTests" name="runScenario" time="0.035">
    <failure type="io.cucumber.core.runner.DuplicateStepDefinitionException" message="Duplicate step definitions in stepdefinitions.AssignmentPageStepDefinition.admin_enters_all_mandatory_field_values_with_valid_data_and_clicks_save_button_program_name_batch_number_assignment_name_grade_by_assignment_due_date(java.lang.String) and stepdefinitions.AssignmentPageStepDefinition.admin_enters_all_mandatory_field_values_with_valid_data_and_clicks_save_button_program_name_batch_number_assignment_name_grade_by_assignment_due_date_in_assignmment(java.lang.String)">
      <![CDATA[io.cucumber.core.runner.DuplicateStepDefinitionException: Duplicate step definitions in stepdefinitions.AssignmentPageStepDefinition.admin_enters_all_mandatory_field_values_with_valid_data_and_clicks_save_button_program_name_batch_number_assignment_name_grade_by_assignment_due_date(java.lang.String) and stepdefinitions.AssignmentPageStepDefinition.admin_enters_all_mandatory_field_values_with_valid_data_and_clicks_save_button_program_name_batch_number_assignment_name_grade_by_assignment_due_date_in_assignmment(java.lang.String)
at io.cucumber.core.runner.CachingGlue.lambda$prepareGlue$3(CachingGlue.java:278)
at java.base/java.util.ArrayList.forEach(ArrayList.java:1511)
at io.cucumber.core.runner.CachingGlue.prepareGlue(CachingGlue.java:272)
at io.cucumber.core.runner.Runner.runPickle(Runner.java:72)
at io.cucumber.testng.TestNGCucumberRunner.lambda$runScenario$1(TestNGCucumberRunner.java:132)
at io.cucumber.core.runtime.CucumberExecutionContext.lambda$runTestCase$5(CucumberExecutionContext.java:137)
at io.cucumber.core.runtime.RethrowingThrowableCollector.executeAndThrow(RethrowingThrowableCollector.java:23)
at io.cucumber.core.runtime.CucumberExecutionContext.runTestCase(CucumberExecutionContext.java:137)
at io.cucumber.testng.TestNGCucumberRunner.runScenario(TestNGCucumberRunner.java:129)
at io.cucumber.testng.AbstractTestNGCucumberTests.runScenario(AbstractTestNGCucumberTests.java:35)
at java.base/jdk.internal.reflect.DirectMethodHandleAccessor.invoke(DirectMethodHandleAccessor.java:104)
at java.base/java.lang.reflect.Method.invoke(Method.java:578)
at org.testng.internal.invokers.MethodInvocationHelper.invokeMethod(MethodInvocationHelper.java:139)
at org.testng.internal.invokers.TestInvoker.invokeMethod(TestInvoker.java:664)
at org.testng.internal.invokers.TestInvoker.invokeTestMethod(TestInvoker.java:227)
at org.testng.internal.invokers.TestMethodWithDataProviderMethodWorker.call(TestMethodWithDataProviderMethodWorker.java:80)
at org.testng.internal.invokers.TestMethodWithDataProviderMethodWorker.call(TestMethodWithDataProviderMethodWorker.java:17)
at java.base/java.util.concurrent.FutureTask.run(FutureTask.java:317)
at java.base/java.util.concurrent.Executors$RunnableAdapter.call(Executors.java:577)
at java.base/java.util.concurrent.FutureTask.run(FutureTask.java:317)
at java.base/java.util.concurrent.ThreadPoolExecutor.runWorker(ThreadPoolExecutor.java:1144)
at java.base/java.util.concurrent.ThreadPoolExecutor$Worker.run(ThreadPoolExecutor.java:642)
at java.base/java.lang.Thread.run(Thread.java:1623)
]]>
    </failure>
  </testcase> <!-- runScenario -->
  <testcase classname="io.cucumber.testng.AbstractTestNGCucumberTests" name="runScenario" time="0.008">
    <failure type="io.cucumber.core.runner.DuplicateStepDefinitionException" message="Duplicate step definitions in stepdefinitions.AssignmentPageStepDefinition.admin_enters_all_mandatory_field_values_with_valid_data_and_clicks_save_button_program_name_batch_number_assignment_name_grade_by_assignment_due_date(java.lang.String) and stepdefinitions.AssignmentPageStepDefinition.admin_enters_all_mandatory_field_values_with_valid_data_and_clicks_save_button_program_name_batch_number_assignment_name_grade_by_assignment_due_date_in_assignmment(java.lang.String)">
      <![CDATA[io.cucumber.core.runner.DuplicateStepDefinitionException: Duplicate step definitions in stepdefinitions.AssignmentPageStepDefinition.admin_enters_all_mandatory_field_values_with_valid_data_and_clicks_save_button_program_name_batch_number_assignment_name_grade_by_assignment_due_date(java.lang.String) and stepdefinitions.AssignmentPageStepDefinition.admin_enters_all_mandatory_field_values_with_valid_data_and_clicks_save_button_program_name_batch_number_assignment_name_grade_by_assignment_due_date_in_assignmment(java.lang.String)
at io.cucumber.core.runner.CachingGlue.lambda$prepareGlue$3(CachingGlue.java:278)
at java.base/java.util.ArrayList.forEach(ArrayList.java:1511)
at io.cucumber.core.runner.CachingGlue.prepareGlue(CachingGlue.java:272)
at io.cucumber.core.runner.Runner.runPickle(Runner.java:72)
at io.cucumber.testng.TestNGCucumberRunner.lambda$runScenario$1(TestNGCucumberRunner.java:132)
at io.cucumber.core.runtime.CucumberExecutionContext.lambda$runTestCase$5(CucumberExecutionContext.java:137)
at io.cucumber.core.runtime.RethrowingThrowableCollector.executeAndThrow(RethrowingThrowableCollector.java:23)
at io.cucumber.core.runtime.CucumberExecutionContext.runTestCase(CucumberExecutionContext.java:137)
at io.cucumber.testng.TestNGCucumberRunner.runScenario(TestNGCucumberRunner.java:129)
at io.cucumber.testng.AbstractTestNGCucumberTests.runScenario(AbstractTestNGCucumberTests.java:35)
at java.base/jdk.internal.reflect.DirectMethodHandleAccessor.invoke(DirectMethodHandleAccessor.java:104)
at java.base/java.lang.reflect.Method.invoke(Method.java:578)
at org.testng.internal.invokers.MethodInvocationHelper.invokeMethod(MethodInvocationHelper.java:139)
at org.testng.internal.invokers.TestInvoker.invokeMethod(TestInvoker.java:664)
at org.testng.internal.invokers.TestInvoker.invokeTestMethod(TestInvoker.java:227)
at org.testng.internal.invokers.TestMethodWithDataProviderMethodWorker.call(TestMethodWithDataProviderMethodWorker.java:80)
at org.testng.internal.invokers.TestMethodWithDataProviderMethodWorker.call(TestMethodWithDataProviderMethodWorker.java:17)
at java.base/java.util.concurrent.FutureTask.run(FutureTask.java:317)
at java.base/java.util.concurrent.Executors$RunnableAdapter.call(Executors.java:577)
at java.base/java.util.concurrent.FutureTask.run(FutureTask.java:317)
at java.base/java.util.concurrent.ThreadPoolExecutor.runWorker(ThreadPoolExecutor.java:1144)
at java.base/java.util.concurrent.ThreadPoolExecutor$Worker.run(ThreadPoolExecutor.java:642)
at java.base/java.lang.Thread.run(Thread.java:1623)
]]>
    </failure>
  </testcase> <!-- runScenario -->
  <testcase classname="io.cucumber.testng.AbstractTestNGCucumberTests" name="runScenario" time="0.008">
    <failure type="io.cucumber.core.runner.DuplicateStepDefinitionException" message="Duplicate step definitions in stepdefinitions.AssignmentPageStepDefinition.admin_enters_all_mandatory_field_values_with_valid_data_and_clicks_save_button_program_name_batch_number_assignment_name_grade_by_assignment_due_date(java.lang.String) and stepdefinitions.AssignmentPageStepDefinition.admin_enters_all_mandatory_field_values_with_valid_data_and_clicks_save_button_program_name_batch_number_assignment_name_grade_by_assignment_due_date_in_assignmment(java.lang.String)">
      <![CDATA[io.cucumber.core.runner.DuplicateStepDefinitionException: Duplicate step definitions in stepdefinitions.AssignmentPageStepDefinition.admin_enters_all_mandatory_field_values_with_valid_data_and_clicks_save_button_program_name_batch_number_assignment_name_grade_by_assignment_due_date(java.lang.String) and stepdefinitions.AssignmentPageStepDefinition.admin_enters_all_mandatory_field_values_with_valid_data_and_clicks_save_button_program_name_batch_number_assignment_name_grade_by_assignment_due_date_in_assignmment(java.lang.String)
at io.cucumber.core.runner.CachingGlue.lambda$prepareGlue$3(CachingGlue.java:278)
at java.base/java.util.ArrayList.forEach(ArrayList.java:1511)
at io.cucumber.core.runner.CachingGlue.prepareGlue(CachingGlue.java:272)
at io.cucumber.core.runner.Runner.runPickle(Runner.java:72)
at io.cucumber.testng.TestNGCucumberRunner.lambda$runScenario$1(TestNGCucumberRunner.java:132)
at io.cucumber.core.runtime.CucumberExecutionContext.lambda$runTestCase$5(CucumberExecutionContext.java:137)
at io.cucumber.core.runtime.RethrowingThrowableCollector.executeAndThrow(RethrowingThrowableCollector.java:23)
at io.cucumber.core.runtime.CucumberExecutionContext.runTestCase(CucumberExecutionContext.java:137)
at io.cucumber.testng.TestNGCucumberRunner.runScenario(TestNGCucumberRunner.java:129)
at io.cucumber.testng.AbstractTestNGCucumberTests.runScenario(AbstractTestNGCucumberTests.java:35)
at java.base/jdk.internal.reflect.DirectMethodHandleAccessor.invoke(DirectMethodHandleAccessor.java:104)
at java.base/java.lang.reflect.Method.invoke(Method.java:578)
at org.testng.internal.invokers.MethodInvocationHelper.invokeMethod(MethodInvocationHelper.java:139)
at org.testng.internal.invokers.TestInvoker.invokeMethod(TestInvoker.java:664)
at org.testng.internal.invokers.TestInvoker.invokeTestMethod(TestInvoker.java:227)
at org.testng.internal.invokers.TestMethodWithDataProviderMethodWorker.call(TestMethodWithDataProviderMethodWorker.java:80)
at org.testng.internal.invokers.TestMethodWithDataProviderMethodWorker.call(TestMethodWithDataProviderMethodWorker.java:17)
at java.base/java.util.concurrent.FutureTask.run(FutureTask.java:317)
at java.base/java.util.concurrent.Executors$RunnableAdapter.call(Executors.java:577)
at java.base/java.util.concurrent.FutureTask.run(FutureTask.java:317)
at java.base/java.util.concurrent.ThreadPoolExecutor.runWorker(ThreadPoolExecutor.java:1144)
at java.base/java.util.concurrent.ThreadPoolExecutor$Worker.run(ThreadPoolExecutor.java:642)
at java.base/java.lang.Thread.run(Thread.java:1623)
]]>
    </failure>
  </testcase> <!-- runScenario -->
</testsuite> <!-- Default test -->
